<?xml version="1.0" encoding="utf-8"?>
<test-run id="2" testcasecount="51" result="Failed(Child)" total="51" passed="48" failed="3" inconclusive="0" skipped="0" asserts="0" engine-version="3.5.0.0" clr-version="4.0.30319.42000" start-time="2025-07-06 05:53:44Z" end-time="2025-07-06 05:53:44Z" duration="0.2558544">
  <test-suite type="TestSuite" id="1069" name="UnityBatchRenderingTool" fullname="UnityBatchRenderingTool" runstate="Runnable" testcasecount="51" result="Failed" site="Child" start-time="2025-07-06 05:53:44Z" end-time="2025-07-06 05:53:44Z" duration="0.255854" total="51" passed="48" failed="3" inconclusive="0" skipped="0" asserts="0">
    <properties>
      <property name="platform" value="EditMode" />
    </properties>
    <failure>
      <message><![CDATA[One or more child tests had errors]]></message>
    </failure>
    <test-suite type="Assembly" id="1060" name="BatchRenderingTool.Editor.Tests.dll" fullname="D:/Works/Unity_BatchRecorderTool/Unity_BatchRenderingExample/Library/ScriptAssemblies/BatchRenderingTool.Editor.Tests.dll" runstate="Runnable" testcasecount="51" result="Failed" site="Child" start-time="2025-07-06 05:53:44Z" end-time="2025-07-06 05:53:44Z" duration="0.248386" total="51" passed="48" failed="3" inconclusive="0" skipped="0" asserts="0">
      <properties>
        <property name="_PID" value="48696" />
        <property name="_APPDOMAIN" value="Unity Child Domain" />
        <property name="platform" value="EditMode" />
        <property name="EditorOnly" value="True" />
      </properties>
      <failure>
        <message><![CDATA[One or more child tests had errors]]></message>
      </failure>
      <test-suite type="TestSuite" id="1061" name="BatchRenderingTool" fullname="BatchRenderingTool" runstate="Runnable" testcasecount="51" result="Failed" site="Child" start-time="2025-07-06 05:53:44Z" end-time="2025-07-06 05:53:44Z" duration="0.246994" total="51" passed="48" failed="3" inconclusive="0" skipped="0" asserts="0">
        <properties />
        <failure>
          <message><![CDATA[One or more child tests had errors]]></message>
        </failure>
        <test-suite type="TestSuite" id="1062" name="Editor" fullname="BatchRenderingTool.Editor" runstate="Runnable" testcasecount="51" result="Failed" site="Child" start-time="2025-07-06 05:53:44Z" end-time="2025-07-06 05:53:44Z" duration="0.245720" total="51" passed="48" failed="3" inconclusive="0" skipped="0" asserts="0">
          <properties />
          <failure>
            <message><![CDATA[One or more child tests had errors]]></message>
          </failure>
          <test-suite type="TestSuite" id="1063" name="Tests" fullname="BatchRenderingTool.Editor.Tests" runstate="Runnable" testcasecount="51" result="Failed" site="Child" start-time="2025-07-06 05:53:44Z" end-time="2025-07-06 05:53:44Z" duration="0.244196" total="51" passed="48" failed="3" inconclusive="0" skipped="0" asserts="0">
            <properties />
            <failure>
              <message><![CDATA[One or more child tests had errors]]></message>
            </failure>
            <test-suite type="TestFixture" id="1003" name="AlembicRecorderSettingsTests" fullname="BatchRenderingTool.Editor.Tests.AlembicRecorderSettingsTests" classname="BatchRenderingTool.Editor.Tests.AlembicRecorderSettingsTests" runstate="Runnable" testcasecount="12" result="Passed" start-time="2025-07-06 05:53:44Z" end-time="2025-07-06 05:53:44Z" duration="0.069549" total="12" passed="12" failed="0" inconclusive="0" skipped="0" asserts="0">
              <properties />
              <test-case id="1015" name="AlembicExportTargets_Flags_CanCombineMultipleTargets" fullname="BatchRenderingTool.Editor.Tests.AlembicRecorderSettingsTests.AlembicExportTargets_Flags_CanCombineMultipleTargets" methodname="AlembicExportTargets_Flags_CanCombineMultipleTargets" classname="BatchRenderingTool.Editor.Tests.AlembicRecorderSettingsTests" runstate="Runnable" seed="580132118" result="Passed" start-time="2025-07-06 05:53:44Z" end-time="2025-07-06 05:53:44Z" duration="0.012870" asserts="0">
                <properties>
                  <property name="retryIteration" value="0" />
                  <property name="repeatIteration" value="0" />
                </properties>
                <output><![CDATA[[AlembicRecorderSettingsTests] Setup - テスト開始
[AlembicRecorderSettingsTests] AlembicExportTargets_Flags - テスト開始
[AlembicRecorderSettingsTests] Combined flags value: MeshRenderer, Camera, Transform
[AlembicRecorderSettingsTests] AlembicExportTargets_Flags - テスト完了
[AlembicRecorderSettingsTests] TearDown - テスト終了
]]></output>
              </test-case>
              <test-case id="1004" name="AlembicPackage_IsAvailable" fullname="BatchRenderingTool.Editor.Tests.AlembicRecorderSettingsTests.AlembicPackage_IsAvailable" methodname="AlembicPackage_IsAvailable" classname="BatchRenderingTool.Editor.Tests.AlembicRecorderSettingsTests" runstate="Runnable" seed="105163570" result="Passed" start-time="2025-07-06 05:53:44Z" end-time="2025-07-06 05:53:44Z" duration="0.002199" asserts="0">
                <properties>
                  <property name="retryIteration" value="0" />
                  <property name="repeatIteration" value="0" />
                </properties>
                <output><![CDATA[[AlembicRecorderSettingsTests] Setup - テスト開始
[AlembicRecorderSettingsTests] AlembicPackage_IsAvailable - テスト開始
[AlembicRecorderSettingsTests] Alembic package available: True
[AlembicRecorderSettingsTests] AlembicPackage_IsAvailable - テスト完了
[AlembicRecorderSettingsTests] TearDown - テスト終了
]]></output>
              </test-case>
              <test-case id="1011" name="AlembicRecorderSettingsConfig_Clone_CreatesIdenticalCopy" fullname="BatchRenderingTool.Editor.Tests.AlembicRecorderSettingsTests.AlembicRecorderSettingsConfig_Clone_CreatesIdenticalCopy" methodname="AlembicRecorderSettingsConfig_Clone_CreatesIdenticalCopy" classname="BatchRenderingTool.Editor.Tests.AlembicRecorderSettingsTests" runstate="Runnable" seed="1580889011" result="Passed" start-time="2025-07-06 05:53:44Z" end-time="2025-07-06 05:53:44Z" duration="0.007795" asserts="0">
                <properties>
                  <property name="retryIteration" value="0" />
                  <property name="repeatIteration" value="0" />
                </properties>
                <output><![CDATA[[AlembicRecorderSettingsTests] Setup - テスト開始
[AlembicRecorderSettingsTests] Clone_CreatesIdenticalCopy - テスト開始
[AlembicRecorderSettingsTests] Clone_CreatesIdenticalCopy - テスト完了
[AlembicRecorderSettingsTests] TearDown - テスト終了
]]></output>
              </test-case>
              <test-case id="1014" name="AlembicRecorderSettingsConfig_CreateAlembicRecorderSettings_CreatesValidSettings" fullname="BatchRenderingTool.Editor.Tests.AlembicRecorderSettingsTests.AlembicRecorderSettingsConfig_CreateAlembicRecorderSettings_CreatesValidSettings" methodname="AlembicRecorderSettingsConfig_CreateAlembicRecorderSettings_CreatesValidSettings" classname="BatchRenderingTool.Editor.Tests.AlembicRecorderSettingsTests" runstate="Runnable" seed="818483065" result="Passed" start-time="2025-07-06 05:53:44Z" end-time="2025-07-06 05:53:44Z" duration="0.015581" asserts="0">
                <properties>
                  <property name="retryIteration" value="0" />
                  <property name="repeatIteration" value="0" />
                </properties>
                <output><![CDATA[[AlembicRecorderSettingsTests] Setup - テスト開始
[AlembicRecorderSettingsTests] CreateAlembicRecorderSettings - テスト開始
[AlembicRecorderSettingsConfig] === Applying settings to type: UnityEditor.Formats.Alembic.Recorder.AlembicRecorderSettings ===
[AlembicRecorderSettingsConfig] === Export scope: EntireScene, Target GameObject: null ===
[AlembicRecorderSettingsConfig] === Available properties on AlembicRecorderSettings: ===
  - Property: Settings (Type: AlembicRecorderSettings, CanWrite: False)
  - Property: InputsSettings (Type: IEnumerable`1, CanWrite: False)
  - Property: OutputFile (Type: String, CanWrite: True)
  - Property: Enabled (Type: Boolean, CanWrite: True)
  - Property: Take (Type: Int32, CanWrite: True)
  - Property: FileNameGenerator (Type: FileNameGenerator, CanWrite: False)
  - Property: RecordMode (Type: RecordMode, CanWrite: True)
  - Property: FrameRatePlayback (Type: FrameRatePlayback, CanWrite: True)
  - Property: FrameRate (Type: Single, CanWrite: True)
  - Property: StartFrame (Type: Int32, CanWrite: True)
  - Property: EndFrame (Type: Int32, CanWrite: True)
  - Property: StartTime (Type: Single, CanWrite: True)
  - Property: EndTime (Type: Single, CanWrite: True)
  - Property: CapFrameRate (Type: Boolean, CanWrite: True)
  - Property: IsPlatformSupported (Type: Boolean, CanWrite: False)
  - Property: name (Type: String, CanWrite: True)
  - Property: hideFlags (Type: HideFlags, CanWrite: True)
[AlembicRecorderSettingsConfig] Found inner Settings of type: UnityEngine.Formats.Alembic.Util.AlembicRecorderSettings
[AlembicRecorderSettingsConfig] Found Scope property of type: UnityEngine.Formats.Alembic.Util.ExportScope
[AlembicRecorderSettingsConfig] === Successfully set Scope to EntireScene ===
[AlembicRecorderSettingsConfig] === Set property SwapHandedness to False, verified: False ===
[AlembicRecorderSettingsTests] CreateAlembicRecorderSettings - テスト完了
[AlembicRecorderSettingsTests] TearDown - テスト終了
]]></output>
              </test-case>
              <test-case id="1009" name="AlembicRecorderSettingsConfig_GetExportObjects_EntireScene_ReturnsAllRootObjects" fullname="BatchRenderingTool.Editor.Tests.AlembicRecorderSettingsTests.AlembicRecorderSettingsConfig_GetExportObjects_EntireScene_ReturnsAllRootObjects" methodname="AlembicRecorderSettingsConfig_GetExportObjects_EntireScene_ReturnsAllRootObjects" classname="BatchRenderingTool.Editor.Tests.AlembicRecorderSettingsTests" runstate="Runnable" seed="1265378390" result="Passed" start-time="2025-07-06 05:53:44Z" end-time="2025-07-06 05:53:44Z" duration="0.004839" asserts="0">
                <properties>
                  <property name="retryIteration" value="0" />
                  <property name="repeatIteration" value="0" />
                </properties>
                <output><![CDATA[[AlembicRecorderSettingsTests] Setup - テスト開始
[AlembicRecorderSettingsTests] GetExportObjects_EntireScene - テスト開始
[AlembicRecorderSettingsTests] Found 3 root objects in scene
[AlembicRecorderSettingsTests] GetExportObjects_EntireScene - テスト完了
[AlembicRecorderSettingsTests] TearDown - テスト終了
]]></output>
              </test-case>
              <test-case id="1010" name="AlembicRecorderSettingsConfig_GetExportObjects_TargetGameObject_ReturnsSpecificObject" fullname="BatchRenderingTool.Editor.Tests.AlembicRecorderSettingsTests.AlembicRecorderSettingsConfig_GetExportObjects_TargetGameObject_ReturnsSpecificObject" methodname="AlembicRecorderSettingsConfig_GetExportObjects_TargetGameObject_ReturnsSpecificObject" classname="BatchRenderingTool.Editor.Tests.AlembicRecorderSettingsTests" runstate="Runnable" seed="1101791523" result="Passed" start-time="2025-07-06 05:53:44Z" end-time="2025-07-06 05:53:44Z" duration="0.001823" asserts="0">
                <properties>
                  <property name="retryIteration" value="0" />
                  <property name="repeatIteration" value="0" />
                </properties>
                <output><![CDATA[[AlembicRecorderSettingsTests] Setup - テスト開始
[AlembicRecorderSettingsTests] GetExportObjects_TargetGameObject - テスト開始
[AlembicRecorderSettingsTests] GetExportObjects_TargetGameObject - テスト完了
[AlembicRecorderSettingsTests] TearDown - テスト終了
]]></output>
              </test-case>
              <test-case id="1012" name="AlembicRecorderSettingsConfig_GetPreset_AnimationExport_ReturnsCorrectConfig" fullname="BatchRenderingTool.Editor.Tests.AlembicRecorderSettingsTests.AlembicRecorderSettingsConfig_GetPreset_AnimationExport_ReturnsCorrectConfig" methodname="AlembicRecorderSettingsConfig_GetPreset_AnimationExport_ReturnsCorrectConfig" classname="BatchRenderingTool.Editor.Tests.AlembicRecorderSettingsTests" runstate="Runnable" seed="272592867" result="Passed" start-time="2025-07-06 05:53:44Z" end-time="2025-07-06 05:53:44Z" duration="0.001596" asserts="0">
                <properties>
                  <property name="retryIteration" value="0" />
                  <property name="repeatIteration" value="0" />
                </properties>
                <output><![CDATA[[AlembicRecorderSettingsTests] Setup - テスト開始
[AlembicRecorderSettingsTests] GetPreset_AnimationExport - テスト開始
[AlembicRecorderSettingsTests] GetPreset_AnimationExport - テスト完了
[AlembicRecorderSettingsTests] TearDown - テスト終了
]]></output>
              </test-case>
              <test-case id="1013" name="AlembicRecorderSettingsConfig_GetPreset_FullSceneExport_ReturnsCorrectConfig" fullname="BatchRenderingTool.Editor.Tests.AlembicRecorderSettingsTests.AlembicRecorderSettingsConfig_GetPreset_FullSceneExport_ReturnsCorrectConfig" methodname="AlembicRecorderSettingsConfig_GetPreset_FullSceneExport_ReturnsCorrectConfig" classname="BatchRenderingTool.Editor.Tests.AlembicRecorderSettingsTests" runstate="Runnable" seed="545503873" result="Passed" start-time="2025-07-06 05:53:44Z" end-time="2025-07-06 05:53:44Z" duration="0.001607" asserts="0">
                <properties>
                  <property name="retryIteration" value="0" />
                  <property name="repeatIteration" value="0" />
                </properties>
                <output><![CDATA[[AlembicRecorderSettingsTests] Setup - テスト開始
[AlembicRecorderSettingsTests] GetPreset_FullSceneExport - テスト開始
[AlembicRecorderSettingsTests] GetPreset_FullSceneExport - テスト完了
[AlembicRecorderSettingsTests] TearDown - テスト終了
]]></output>
              </test-case>
              <test-case id="1006" name="AlembicRecorderSettingsConfig_Validate_WithInvalidFrameRate_ReturnsFalse" fullname="BatchRenderingTool.Editor.Tests.AlembicRecorderSettingsTests.AlembicRecorderSettingsConfig_Validate_WithInvalidFrameRate_ReturnsFalse" methodname="AlembicRecorderSettingsConfig_Validate_WithInvalidFrameRate_ReturnsFalse" classname="BatchRenderingTool.Editor.Tests.AlembicRecorderSettingsTests" runstate="Runnable" seed="931937447" result="Passed" start-time="2025-07-06 05:53:44Z" end-time="2025-07-06 05:53:44Z" duration="0.002187" asserts="0">
                <properties>
                  <property name="retryIteration" value="0" />
                  <property name="repeatIteration" value="0" />
                </properties>
                <output><![CDATA[[AlembicRecorderSettingsTests] Setup - テスト開始
[AlembicRecorderSettingsTests] Validate_WithInvalidFrameRate - テスト開始
[AlembicRecorderSettingsTests] エラーメッセージ: Frame rate must be between 1 and 120
[AlembicRecorderSettingsTests] Validate_WithInvalidFrameRate - テスト完了
[AlembicRecorderSettingsTests] TearDown - テスト終了
]]></output>
              </test-case>
              <test-case id="1007" name="AlembicRecorderSettingsConfig_Validate_WithNoExportTargets_ReturnsFalse" fullname="BatchRenderingTool.Editor.Tests.AlembicRecorderSettingsTests.AlembicRecorderSettingsConfig_Validate_WithNoExportTargets_ReturnsFalse" methodname="AlembicRecorderSettingsConfig_Validate_WithNoExportTargets_ReturnsFalse" classname="BatchRenderingTool.Editor.Tests.AlembicRecorderSettingsTests" runstate="Runnable" seed="1088338197" result="Passed" start-time="2025-07-06 05:53:44Z" end-time="2025-07-06 05:53:44Z" duration="0.001995" asserts="0">
                <properties>
                  <property name="retryIteration" value="0" />
                  <property name="repeatIteration" value="0" />
                </properties>
                <output><![CDATA[[AlembicRecorderSettingsTests] Setup - テスト開始
[AlembicRecorderSettingsTests] Validate_WithNoExportTargets - テスト開始
[AlembicRecorderSettingsTests] エラーメッセージ: At least one export target must be selected
[AlembicRecorderSettingsTests] Validate_WithNoExportTargets - テスト完了
[AlembicRecorderSettingsTests] TearDown - テスト終了
]]></output>
              </test-case>
              <test-case id="1008" name="AlembicRecorderSettingsConfig_Validate_WithTargetGameObjectScope_RequiresGameObject" fullname="BatchRenderingTool.Editor.Tests.AlembicRecorderSettingsTests.AlembicRecorderSettingsConfig_Validate_WithTargetGameObjectScope_RequiresGameObject" methodname="AlembicRecorderSettingsConfig_Validate_WithTargetGameObjectScope_RequiresGameObject" classname="BatchRenderingTool.Editor.Tests.AlembicRecorderSettingsTests" runstate="Runnable" seed="1973758854" result="Passed" start-time="2025-07-06 05:53:44Z" end-time="2025-07-06 05:53:44Z" duration="0.001564" asserts="0">
                <properties>
                  <property name="retryIteration" value="0" />
                  <property name="repeatIteration" value="0" />
                </properties>
                <output><![CDATA[[AlembicRecorderSettingsTests] Setup - テスト開始
[AlembicRecorderSettingsTests] Validate_WithTargetGameObjectScope - テスト開始
[AlembicRecorderSettingsTests] Validate_WithTargetGameObjectScope - テスト完了
[AlembicRecorderSettingsTests] TearDown - テスト終了
]]></output>
              </test-case>
              <test-case id="1005" name="AlembicRecorderSettingsConfig_Validate_WithValidConfig_ReturnsTrue" fullname="BatchRenderingTool.Editor.Tests.AlembicRecorderSettingsTests.AlembicRecorderSettingsConfig_Validate_WithValidConfig_ReturnsTrue" methodname="AlembicRecorderSettingsConfig_Validate_WithValidConfig_ReturnsTrue" classname="BatchRenderingTool.Editor.Tests.AlembicRecorderSettingsTests" runstate="Runnable" seed="1968139192" result="Passed" start-time="2025-07-06 05:53:44Z" end-time="2025-07-06 05:53:44Z" duration="0.001683" asserts="0">
                <properties>
                  <property name="retryIteration" value="0" />
                  <property name="repeatIteration" value="0" />
                </properties>
                <output><![CDATA[[AlembicRecorderSettingsTests] Setup - テスト開始
[AlembicRecorderSettingsTests] Validate_WithValidConfig - テスト開始
[AlembicRecorderSettingsTests] Validate_WithValidConfig - テスト完了
[AlembicRecorderSettingsTests] TearDown - テスト終了
]]></output>
              </test-case>
            </test-suite>
            <test-suite type="TestFixture" id="1016" name="AOVRecorderSettingsTests" fullname="BatchRenderingTool.Editor.Tests.AOVRecorderSettingsTests" classname="BatchRenderingTool.Editor.Tests.AOVRecorderSettingsTests" runstate="Runnable" testcasecount="12" result="Failed" site="Child" start-time="2025-07-06 05:53:44Z" end-time="2025-07-06 05:53:44Z" duration="0.045272" total="12" passed="10" failed="2" inconclusive="0" skipped="0" asserts="0">
              <properties />
              <failure>
                <message><![CDATA[One or more child tests had errors]]></message>
              </failure>
              <test-case id="1025" name="AOVRecorderSettingsConfig_Clone_CreatesIdenticalCopy" fullname="BatchRenderingTool.Editor.Tests.AOVRecorderSettingsTests.AOVRecorderSettingsConfig_Clone_CreatesIdenticalCopy" methodname="AOVRecorderSettingsConfig_Clone_CreatesIdenticalCopy" classname="BatchRenderingTool.Editor.Tests.AOVRecorderSettingsTests" runstate="Runnable" seed="173677534" result="Passed" start-time="2025-07-06 05:53:44Z" end-time="2025-07-06 05:53:44Z" duration="0.001871" asserts="0">
                <properties>
                  <property name="retryIteration" value="0" />
                  <property name="repeatIteration" value="0" />
                </properties>
                <output><![CDATA[[AOVRecorderSettingsTests] Clone_CreatesIdenticalCopy - テスト開始
[AOVRecorderSettingsTests] Clone_CreatesIdenticalCopy - テスト完了
]]></output>
              </test-case>
              <test-case id="1027" name="AOVRecorderSettingsConfig_CreateAOVRecorderSettings_CreatesMultipleSettings" fullname="BatchRenderingTool.Editor.Tests.AOVRecorderSettingsTests.AOVRecorderSettingsConfig_CreateAOVRecorderSettings_CreatesMultipleSettings" methodname="AOVRecorderSettingsConfig_CreateAOVRecorderSettings_CreatesMultipleSettings" classname="BatchRenderingTool.Editor.Tests.AOVRecorderSettingsTests" runstate="Runnable" seed="1079111989" result="Passed" start-time="2025-07-06 05:53:44Z" end-time="2025-07-06 05:53:44Z" duration="0.007446" asserts="0">
                <properties>
                  <property name="retryIteration" value="0" />
                  <property name="repeatIteration" value="0" />
                </properties>
                <output><![CDATA[[AOVRecorderSettingsTests] CreateAOVRecorderSettings - テスト開始
[AOVRecorderSettingsConfig] Creating AOV settings for 3 selected AOVs
[AOVRecorderSettingsConfig] Creating settings for AOV: Depth
[AOVRecorderSettingsConfig] Creating settings for AOV: Normal
[AOVRecorderSettingsConfig] Creating settings for AOV: Albedo
[AOVRecorderSettingsTests] Created 3 AOV recorder settings
[AOVRecorderSettingsTests] CreateAOVRecorderSettings - テスト完了
]]></output>
              </test-case>
              <test-case id="1024" name="AOVRecorderSettingsConfig_GetSelectedAOVsList_ReturnsCorrectList" fullname="BatchRenderingTool.Editor.Tests.AOVRecorderSettingsTests.AOVRecorderSettingsConfig_GetSelectedAOVsList_ReturnsCorrectList" methodname="AOVRecorderSettingsConfig_GetSelectedAOVsList_ReturnsCorrectList" classname="BatchRenderingTool.Editor.Tests.AOVRecorderSettingsTests" runstate="Runnable" seed="1021274189" result="Passed" start-time="2025-07-06 05:53:44Z" end-time="2025-07-06 05:53:44Z" duration="0.003057" asserts="0">
                <properties>
                  <property name="retryIteration" value="0" />
                  <property name="repeatIteration" value="0" />
                </properties>
                <output><![CDATA[[AOVRecorderSettingsTests] GetSelectedAOVsList - テスト開始
[AOVRecorderSettingsTests] Selected AOVs: Depth, Normal, Albedo
[AOVRecorderSettingsTests] GetSelectedAOVsList - テスト完了
]]></output>
              </test-case>
              <test-case id="1026" name="AOVRecorderSettingsConfig_Presets_ReturnValidConfigurations" fullname="BatchRenderingTool.Editor.Tests.AOVRecorderSettingsTests.AOVRecorderSettingsConfig_Presets_ReturnValidConfigurations" methodname="AOVRecorderSettingsConfig_Presets_ReturnValidConfigurations" classname="BatchRenderingTool.Editor.Tests.AOVRecorderSettingsTests" runstate="Runnable" seed="137939368" result="Passed" start-time="2025-07-06 05:53:44Z" end-time="2025-07-06 05:53:44Z" duration="0.001473" asserts="0">
                <properties>
                  <property name="retryIteration" value="0" />
                  <property name="repeatIteration" value="0" />
                </properties>
                <output><![CDATA[[AOVRecorderSettingsTests] Presets_ReturnValidConfigurations - テスト開始
[AOVRecorderSettingsTests] All presets validated successfully
[AOVRecorderSettingsTests] Presets_ReturnValidConfigurations - テスト完了
]]></output>
              </test-case>
              <test-case id="1023" name="AOVRecorderSettingsConfig_Validate_WithCustomPassButNoName_ReturnsFalse" fullname="BatchRenderingTool.Editor.Tests.AOVRecorderSettingsTests.AOVRecorderSettingsConfig_Validate_WithCustomPassButNoName_ReturnsFalse" methodname="AOVRecorderSettingsConfig_Validate_WithCustomPassButNoName_ReturnsFalse" classname="BatchRenderingTool.Editor.Tests.AOVRecorderSettingsTests" runstate="Runnable" seed="530220235" result="Failed" start-time="2025-07-06 05:53:44Z" end-time="2025-07-06 05:53:44Z" duration="0.005541" asserts="0">
                <properties>
                  <property name="retryIteration" value="0" />
                  <property name="repeatIteration" value="0" />
                </properties>
                <failure>
                  <message><![CDATA[  Error message should mention custom pass name. Actual: 'AOV Recorder requires HDRP (High Definition Render Pipeline) package'
  Expected: True
  But was:  False
]]></message>
                  <stack-trace><![CDATA[at BatchRenderingTool.Editor.Tests.AOVRecorderSettingsTests.AOVRecorderSettingsConfig_Validate_WithCustomPassButNoName_ReturnsFalse () [0x0005c] in D:\Works\Unity_BatchRecorderTool\Unity_BatchRenderingExample\Assets\BatchRenderingTool\Scripts\Editor\Tests\AOVRecorderSettingsTests.cs:184
]]></stack-trace>
                </failure>
                <output><![CDATA[[AOVRecorderSettingsTests] Validate_WithCustomPassButNoName - テスト開始
]]></output>
              </test-case>
              <test-case id="1022" name="AOVRecorderSettingsConfig_Validate_WithInvalidResolution_ReturnsFalse" fullname="BatchRenderingTool.Editor.Tests.AOVRecorderSettingsTests.AOVRecorderSettingsConfig_Validate_WithInvalidResolution_ReturnsFalse" methodname="AOVRecorderSettingsConfig_Validate_WithInvalidResolution_ReturnsFalse" classname="BatchRenderingTool.Editor.Tests.AOVRecorderSettingsTests" runstate="Runnable" seed="22129562" result="Failed" start-time="2025-07-06 05:53:44Z" end-time="2025-07-06 05:53:44Z" duration="0.000691" asserts="0">
                <properties>
                  <property name="retryIteration" value="0" />
                  <property name="repeatIteration" value="0" />
                </properties>
                <failure>
                  <message><![CDATA[  Error message should mention resolution. Actual: 'AOV Recorder requires HDRP (High Definition Render Pipeline) package'
  Expected: True
  But was:  False
]]></message>
                  <stack-trace><![CDATA[at BatchRenderingTool.Editor.Tests.AOVRecorderSettingsTests.AOVRecorderSettingsConfig_Validate_WithInvalidResolution_ReturnsFalse () [0x00043] in D:\Works\Unity_BatchRecorderTool\Unity_BatchRenderingExample\Assets\BatchRenderingTool\Scripts\Editor\Tests\AOVRecorderSettingsTests.cs:153
]]></stack-trace>
                </failure>
                <output><![CDATA[[AOVRecorderSettingsTests] Validate_WithInvalidResolution - テスト開始
]]></output>
              </test-case>
              <test-case id="1021" name="AOVRecorderSettingsConfig_Validate_WithNoSelectedAOVs_ReturnsFalse" fullname="BatchRenderingTool.Editor.Tests.AOVRecorderSettingsTests.AOVRecorderSettingsConfig_Validate_WithNoSelectedAOVs_ReturnsFalse" methodname="AOVRecorderSettingsConfig_Validate_WithNoSelectedAOVs_ReturnsFalse" classname="BatchRenderingTool.Editor.Tests.AOVRecorderSettingsTests" runstate="Runnable" seed="1793820407" result="Passed" start-time="2025-07-06 05:53:44Z" end-time="2025-07-06 05:53:44Z" duration="0.001187" asserts="0">
                <properties>
                  <property name="retryIteration" value="0" />
                  <property name="repeatIteration" value="0" />
                </properties>
                <output><![CDATA[[AOVRecorderSettingsTests] Validate_WithNoSelectedAOVs - テスト開始
[AOVRecorderSettingsTests] エラーメッセージ: AOV Recorder requires HDRP (High Definition Render Pipeline) package
[AOVRecorderSettingsTests] Validate_WithNoSelectedAOVs - テスト完了
]]></output>
              </test-case>
              <test-case id="1020" name="AOVRecorderSettingsConfig_Validate_WithoutHDRP_ReturnsFalse" fullname="BatchRenderingTool.Editor.Tests.AOVRecorderSettingsTests.AOVRecorderSettingsConfig_Validate_WithoutHDRP_ReturnsFalse" methodname="AOVRecorderSettingsConfig_Validate_WithoutHDRP_ReturnsFalse" classname="BatchRenderingTool.Editor.Tests.AOVRecorderSettingsTests" runstate="Runnable" seed="1808467981" result="Passed" start-time="2025-07-06 05:53:44Z" end-time="2025-07-06 05:53:44Z" duration="0.001156" asserts="0">
                <properties>
                  <property name="retryIteration" value="0" />
                  <property name="repeatIteration" value="0" />
                </properties>
                <output><![CDATA[[AOVRecorderSettingsTests] Validate_WithoutHDRP - テスト開始
[AOVRecorderSettingsTests] Validation result: False, Message: AOV Recorder requires HDRP (High Definition Render Pipeline) package
[AOVRecorderSettingsTests] Validate_WithoutHDRP - テスト完了
]]></output>
              </test-case>
              <test-case id="1028" name="AOVType_Flags_CanCombineMultipleTypes" fullname="BatchRenderingTool.Editor.Tests.AOVRecorderSettingsTests.AOVType_Flags_CanCombineMultipleTypes" methodname="AOVType_Flags_CanCombineMultipleTypes" classname="BatchRenderingTool.Editor.Tests.AOVRecorderSettingsTests" runstate="Runnable" seed="796855435" result="Passed" start-time="2025-07-06 05:53:44Z" end-time="2025-07-06 05:53:44Z" duration="0.001320" asserts="0">
                <properties>
                  <property name="retryIteration" value="0" />
                  <property name="repeatIteration" value="0" />
                </properties>
                <output><![CDATA[[AOVRecorderSettingsTests] AOVType_Flags - テスト開始
[AOVRecorderSettingsTests] Combined flags value: Depth, Normal, Albedo (21)
[AOVRecorderSettingsTests] AOVType_Flags - テスト完了
]]></output>
              </test-case>
              <test-case id="1019" name="AOVTypeInfo_GetAOVsByCategory_ReturnsGroupedAOVs" fullname="BatchRenderingTool.Editor.Tests.AOVRecorderSettingsTests.AOVTypeInfo_GetAOVsByCategory_ReturnsGroupedAOVs" methodname="AOVTypeInfo_GetAOVsByCategory_ReturnsGroupedAOVs" classname="BatchRenderingTool.Editor.Tests.AOVRecorderSettingsTests" runstate="Runnable" seed="1927252478" result="Passed" start-time="2025-07-06 05:53:44Z" end-time="2025-07-06 05:53:44Z" duration="0.003203" asserts="0">
                <properties>
                  <property name="retryIteration" value="0" />
                  <property name="repeatIteration" value="0" />
                </properties>
                <output><![CDATA[[AOVRecorderSettingsTests] GetAOVsByCategory - テスト開始
[AOVRecorderSettingsTests] Category 'Geometry' has 4 AOV types
[AOVRecorderSettingsTests] Category 'Material' has 5 AOV types
[AOVRecorderSettingsTests] Category 'Lighting' has 5 AOV types
[AOVRecorderSettingsTests] Category 'Additional' has 3 AOV types
[AOVRecorderSettingsTests] GetAOVsByCategory - テスト完了
]]></output>
              </test-case>
              <test-case id="1018" name="AOVTypeInfo_GetInfo_ReturnsValidInfoForAllTypes" fullname="BatchRenderingTool.Editor.Tests.AOVRecorderSettingsTests.AOVTypeInfo_GetInfo_ReturnsValidInfoForAllTypes" methodname="AOVTypeInfo_GetInfo_ReturnsValidInfoForAllTypes" classname="BatchRenderingTool.Editor.Tests.AOVRecorderSettingsTests" runstate="Runnable" seed="1919823367" result="Passed" start-time="2025-07-06 05:53:44Z" end-time="2025-07-06 05:53:44Z" duration="0.007631" asserts="0">
                <properties>
                  <property name="retryIteration" value="0" />
                  <property name="repeatIteration" value="0" />
                </properties>
                <output><![CDATA[[AOVRecorderSettingsTests] GetInfo_ReturnsValidInfoForAllTypes - テスト開始
[AOVRecorderSettingsTests] Depth: Depth - Geometry
[AOVRecorderSettingsTests] DepthNormalized: Depth (Normalized) - Geometry
[AOVRecorderSettingsTests] Normal: World Normal - Geometry
[AOVRecorderSettingsTests] MotionVectors: Motion Vectors - Geometry
[AOVRecorderSettingsTests] Albedo: Albedo - Material
[AOVRecorderSettingsTests] Specular: Specular - Material
[AOVRecorderSettingsTests] Smoothness: Smoothness - Material
[AOVRecorderSettingsTests] AmbientOcclusion: Ambient Occlusion - Material
[AOVRecorderSettingsTests] Metal: Metallic - Material
[AOVRecorderSettingsTests] DirectDiffuse: Direct Diffuse - Lighting
[AOVRecorderSettingsTests] DirectSpecular: Direct Specular - Lighting
[AOVRecorderSettingsTests] IndirectDiffuse: Indirect Diffuse - Lighting
[AOVRecorderSettingsTests] IndirectSpecular: Indirect Specular - Lighting
[AOVRecorderSettingsTests] Emissive: Emissive - Lighting
[AOVRecorderSettingsTests] Shadow: Shadows - Additional
[AOVRecorderSettingsTests] ContactShadows: Contact Shadows - Additional
[AOVRecorderSettingsTests] ScreenSpaceReflection: SSR - Additional
[AOVRecorderSettingsTests] CustomPass: Custom Pass - Custom
[AOVRecorderSettingsTests] Valid info found for 18 AOV types
[AOVRecorderSettingsTests] GetInfo_ReturnsValidInfoForAllTypes - テスト完了
]]></output>
              </test-case>
              <test-case id="1017" name="AOVTypeInfo_IsHDRPAvailable_ReturnsCorrectValue" fullname="BatchRenderingTool.Editor.Tests.AOVRecorderSettingsTests.AOVTypeInfo_IsHDRPAvailable_ReturnsCorrectValue" methodname="AOVTypeInfo_IsHDRPAvailable_ReturnsCorrectValue" classname="BatchRenderingTool.Editor.Tests.AOVRecorderSettingsTests" runstate="Runnable" seed="90473956" result="Passed" start-time="2025-07-06 05:53:44Z" end-time="2025-07-06 05:53:44Z" duration="0.001131" asserts="0">
                <properties>
                  <property name="retryIteration" value="0" />
                  <property name="repeatIteration" value="0" />
                </properties>
                <output><![CDATA[[AOVRecorderSettingsTests] IsHDRPAvailable - テスト開始
[AOVRecorderSettingsTests] HDRP available: False
[AOVRecorderSettingsTests] IsHDRPAvailable - テスト完了
]]></output>
              </test-case>
            </test-suite>
            <test-suite type="TestFixture" id="1029" name="FBXRecorderCreationTests" fullname="BatchRenderingTool.Editor.Tests.FBXRecorderCreationTests" classname="BatchRenderingTool.Editor.Tests.FBXRecorderCreationTests" runstate="Runnable" testcasecount="5" result="Passed" start-time="2025-07-06 05:53:44Z" end-time="2025-07-06 05:53:44Z" duration="0.022094" total="5" passed="5" failed="0" inconclusive="0" skipped="0" asserts="0">
              <properties />
              <test-case id="1030" name="FBXPackage_IsInstalled" fullname="BatchRenderingTool.Editor.Tests.FBXRecorderCreationTests.FBXPackage_IsInstalled" methodname="FBXPackage_IsInstalled" classname="BatchRenderingTool.Editor.Tests.FBXRecorderCreationTests" runstate="Runnable" seed="2055760114" result="Passed" start-time="2025-07-06 05:53:44Z" end-time="2025-07-06 05:53:44Z" duration="0.002062" asserts="0">
                <properties>
                  <property name="retryIteration" value="0" />
                  <property name="repeatIteration" value="0" />
                </properties>
              </test-case>
              <test-case id="1032" name="FBXRecorderSettings_CanBeCreated_UsingCreateProperFBXRecorderSettings" fullname="BatchRenderingTool.Editor.Tests.FBXRecorderCreationTests.FBXRecorderSettings_CanBeCreated_UsingCreateProperFBXRecorderSettings" methodname="FBXRecorderSettings_CanBeCreated_UsingCreateProperFBXRecorderSettings" classname="BatchRenderingTool.Editor.Tests.FBXRecorderCreationTests" runstate="Runnable" seed="705057715" result="Passed" start-time="2025-07-06 05:53:44Z" end-time="2025-07-06 05:53:44Z" duration="0.002989" asserts="0">
                <properties>
                  <property name="retryIteration" value="0" />
                  <property name="repeatIteration" value="0" />
                </properties>
                <output><![CDATA[[FBXRecorderCreationTests] Created FBX recorder settings of type: UnityEditor.Formats.Fbx.Exporter.FbxRecorderSettings
]]></output>
              </test-case>
              <test-case id="1031" name="FBXRecorderSettings_CanBeCreated_UsingRecorderClipUtility" fullname="BatchRenderingTool.Editor.Tests.FBXRecorderCreationTests.FBXRecorderSettings_CanBeCreated_UsingRecorderClipUtility" methodname="FBXRecorderSettings_CanBeCreated_UsingRecorderClipUtility" classname="BatchRenderingTool.Editor.Tests.FBXRecorderCreationTests" runstate="Runnable" seed="2017921710" result="Passed" start-time="2025-07-06 05:53:44Z" end-time="2025-07-06 05:53:44Z" duration="0.002332" asserts="0">
                <properties>
                  <property name="retryIteration" value="0" />
                  <property name="repeatIteration" value="0" />
                </properties>
                <output><![CDATA[[FBXRecorderCreationTests] Created FBX recorder settings of type: UnityEditor.Formats.Fbx.Exporter.FbxRecorderSettings
]]></output>
              </test-case>
              <test-case id="1034" name="FBXRecorderSettings_HasExpectedProperties" fullname="BatchRenderingTool.Editor.Tests.FBXRecorderCreationTests.FBXRecorderSettings_HasExpectedProperties" methodname="FBXRecorderSettings_HasExpectedProperties" classname="BatchRenderingTool.Editor.Tests.FBXRecorderCreationTests" runstate="Runnable" seed="1990076933" result="Passed" start-time="2025-07-06 05:53:44Z" end-time="2025-07-06 05:53:44Z" duration="0.001960" asserts="0">
                <properties>
                  <property name="retryIteration" value="0" />
                  <property name="repeatIteration" value="0" />
                </properties>
                <output><![CDATA[[FBXRecorderCreationTests] FBX recorder settings type: UnityEditor.Formats.Fbx.Exporter.FbxRecorderSettings
[FBXRecorderCreationTests] Properties found: ExportGeometry=True, AnimationInputSettings=True
]]></output>
              </test-case>
              <test-case id="1033" name="FBXRecorderSettingsConfig_CanCreateSettings" fullname="BatchRenderingTool.Editor.Tests.FBXRecorderCreationTests.FBXRecorderSettingsConfig_CanCreateSettings" methodname="FBXRecorderSettingsConfig_CanCreateSettings" classname="BatchRenderingTool.Editor.Tests.FBXRecorderCreationTests" runstate="Runnable" seed="1752273892" result="Passed" start-time="2025-07-06 05:53:44Z" end-time="2025-07-06 05:53:44Z" duration="0.004399" asserts="0">
                <properties>
                  <property name="retryIteration" value="0" />
                  <property name="repeatIteration" value="0" />
                </properties>
                <output><![CDATA[[FBXRecorderCreationTests] Config created settings of type: UnityEditor.Formats.Fbx.Exporter.FbxRecorderSettings
]]></output>
              </test-case>
            </test-suite>
            <test-suite type="TestFixture" id="1035" name="FBXRecorderSettingsConfigTests" fullname="BatchRenderingTool.Editor.Tests.FBXRecorderSettingsConfigTests" classname="BatchRenderingTool.Editor.Tests.FBXRecorderSettingsConfigTests" runstate="Runnable" testcasecount="8" result="Passed" start-time="2025-07-06 05:53:44Z" end-time="2025-07-06 05:53:44Z" duration="0.023635" total="8" passed="8" failed="0" inconclusive="0" skipped="0" asserts="0">
              <properties />
              <test-case id="1043" name="CreateFBXRecorderSettings_CreatesValidSettings" fullname="BatchRenderingTool.Editor.Tests.FBXRecorderSettingsConfigTests.CreateFBXRecorderSettings_CreatesValidSettings" methodname="CreateFBXRecorderSettings_CreatesValidSettings" classname="BatchRenderingTool.Editor.Tests.FBXRecorderSettingsConfigTests" runstate="Runnable" seed="151220120" result="Passed" start-time="2025-07-06 05:53:44Z" end-time="2025-07-06 05:53:44Z" duration="0.002997" asserts="0">
                <properties>
                  <property name="retryIteration" value="0" />
                  <property name="repeatIteration" value="0" />
                </properties>
                <output><![CDATA[CreateFBXRecorderSettings_CreatesValidSettings - テスト開始
CreateFBXRecorderSettings_CreatesValidSettings - テスト完了
]]></output>
              </test-case>
              <test-case id="1040" name="GetPreset_AnimationExport_ReturnsCorrectConfig" fullname="BatchRenderingTool.Editor.Tests.FBXRecorderSettingsConfigTests.GetPreset_AnimationExport_ReturnsCorrectConfig" methodname="GetPreset_AnimationExport_ReturnsCorrectConfig" classname="BatchRenderingTool.Editor.Tests.FBXRecorderSettingsConfigTests" runstate="Runnable" seed="1208024561" result="Passed" start-time="2025-07-06 05:53:44Z" end-time="2025-07-06 05:53:44Z" duration="0.000950" asserts="0">
                <properties>
                  <property name="retryIteration" value="0" />
                  <property name="repeatIteration" value="0" />
                </properties>
                <output><![CDATA[GetPreset_AnimationExport_ReturnsCorrectConfig - テスト開始
GetPreset_AnimationExport_ReturnsCorrectConfig - テスト完了
]]></output>
              </test-case>
              <test-case id="1042" name="GetPreset_ModelAndAnimation_ReturnsCorrectConfig" fullname="BatchRenderingTool.Editor.Tests.FBXRecorderSettingsConfigTests.GetPreset_ModelAndAnimation_ReturnsCorrectConfig" methodname="GetPreset_ModelAndAnimation_ReturnsCorrectConfig" classname="BatchRenderingTool.Editor.Tests.FBXRecorderSettingsConfigTests" runstate="Runnable" seed="2107609031" result="Passed" start-time="2025-07-06 05:53:44Z" end-time="2025-07-06 05:53:44Z" duration="0.000808" asserts="0">
                <properties>
                  <property name="retryIteration" value="0" />
                  <property name="repeatIteration" value="0" />
                </properties>
                <output><![CDATA[GetPreset_ModelAndAnimation_ReturnsCorrectConfig - テスト開始
GetPreset_ModelAndAnimation_ReturnsCorrectConfig - テスト完了
]]></output>
              </test-case>
              <test-case id="1041" name="GetPreset_ModelExport_ReturnsCorrectConfig" fullname="BatchRenderingTool.Editor.Tests.FBXRecorderSettingsConfigTests.GetPreset_ModelExport_ReturnsCorrectConfig" methodname="GetPreset_ModelExport_ReturnsCorrectConfig" classname="BatchRenderingTool.Editor.Tests.FBXRecorderSettingsConfigTests" runstate="Runnable" seed="1286462080" result="Passed" start-time="2025-07-06 05:53:44Z" end-time="2025-07-06 05:53:44Z" duration="0.000965" asserts="0">
                <properties>
                  <property name="retryIteration" value="0" />
                  <property name="repeatIteration" value="0" />
                </properties>
                <output><![CDATA[GetPreset_ModelExport_ReturnsCorrectConfig - テスト開始
GetPreset_ModelExport_ReturnsCorrectConfig - テスト完了
]]></output>
              </test-case>
              <test-case id="1037" name="Validate_WithInvalidFrameRate_ReturnsFalse" fullname="BatchRenderingTool.Editor.Tests.FBXRecorderSettingsConfigTests.Validate_WithInvalidFrameRate_ReturnsFalse" methodname="Validate_WithInvalidFrameRate_ReturnsFalse" classname="BatchRenderingTool.Editor.Tests.FBXRecorderSettingsConfigTests" runstate="Runnable" seed="526645350" result="Passed" start-time="2025-07-06 05:53:44Z" end-time="2025-07-06 05:53:44Z" duration="0.002212" asserts="0">
                <properties>
                  <property name="retryIteration" value="0" />
                  <property name="repeatIteration" value="0" />
                </properties>
                <output><![CDATA[Validate_WithInvalidFrameRate_ReturnsFalse - テスト開始
Validate_WithInvalidFrameRate_ReturnsFalse - Config: targetGameObject=TestObject, frameRate=0
Validate_WithInvalidFrameRate_ReturnsFalse - Validation result: isValid=False, errorMessage='Frame rate must be greater than 0'
Validate_WithInvalidFrameRate_ReturnsFalse - エラーメッセージ: Frame rate must be greater than 0
Validate_WithInvalidFrameRate_ReturnsFalse - テスト完了
]]></output>
              </test-case>
              <test-case id="1039" name="Validate_WithSameSourceAndDestination_ReturnsFalse" fullname="BatchRenderingTool.Editor.Tests.FBXRecorderSettingsConfigTests.Validate_WithSameSourceAndDestination_ReturnsFalse" methodname="Validate_WithSameSourceAndDestination_ReturnsFalse" classname="BatchRenderingTool.Editor.Tests.FBXRecorderSettingsConfigTests" runstate="Runnable" seed="1201965169" result="Passed" start-time="2025-07-06 05:53:44Z" end-time="2025-07-06 05:53:44Z" duration="0.001397" asserts="0">
                <properties>
                  <property name="retryIteration" value="0" />
                  <property name="repeatIteration" value="0" />
                </properties>
                <output><![CDATA[Validate_WithSameSourceAndDestination_ReturnsFalse - テスト開始
Validate_WithSameSourceAndDestination_ReturnsFalse - エラーメッセージ: Animation source and destination cannot be the same transform
Validate_WithSameSourceAndDestination_ReturnsFalse - テスト完了
]]></output>
              </test-case>
              <test-case id="1038" name="Validate_WithSourceButNoDestination_ReturnsFalse" fullname="BatchRenderingTool.Editor.Tests.FBXRecorderSettingsConfigTests.Validate_WithSourceButNoDestination_ReturnsFalse" methodname="Validate_WithSourceButNoDestination_ReturnsFalse" classname="BatchRenderingTool.Editor.Tests.FBXRecorderSettingsConfigTests" runstate="Runnable" seed="192348594" result="Passed" start-time="2025-07-06 05:53:44Z" end-time="2025-07-06 05:53:44Z" duration="0.001278" asserts="0">
                <properties>
                  <property name="retryIteration" value="0" />
                  <property name="repeatIteration" value="0" />
                </properties>
                <output><![CDATA[Validate_WithSourceButNoDestination_ReturnsFalse - テスト開始
Validate_WithSourceButNoDestination_ReturnsFalse - エラーメッセージ: Animation destination transform must be set when source is specified
Validate_WithSourceButNoDestination_ReturnsFalse - テスト完了
]]></output>
              </test-case>
              <test-case id="1036" name="Validate_WithValidConfig_ReturnsTrue" fullname="BatchRenderingTool.Editor.Tests.FBXRecorderSettingsConfigTests.Validate_WithValidConfig_ReturnsTrue" methodname="Validate_WithValidConfig_ReturnsTrue" classname="BatchRenderingTool.Editor.Tests.FBXRecorderSettingsConfigTests" runstate="Runnable" seed="1788994757" result="Passed" start-time="2025-07-06 05:53:44Z" end-time="2025-07-06 05:53:44Z" duration="0.001612" asserts="0">
                <properties>
                  <property name="retryIteration" value="0" />
                  <property name="repeatIteration" value="0" />
                </properties>
                <output><![CDATA[Validate_WithValidConfig_ReturnsTrue - テスト開始
Validate_WithValidConfig_ReturnsTrue - Config: targetGameObject=TestObject, frameRate=24
Validate_WithValidConfig_ReturnsTrue - Validation result: isValid=True, errorMessage=''
Validate_WithValidConfig_ReturnsTrue - テスト完了
]]></output>
              </test-case>
            </test-suite>
            <test-suite type="TestFixture" id="1044" name="RecorderSettingsFactoryTests" fullname="BatchRenderingTool.Editor.Tests.RecorderSettingsFactoryTests" classname="BatchRenderingTool.Editor.Tests.RecorderSettingsFactoryTests" runstate="Runnable" testcasecount="9" result="Failed" site="Child" start-time="2025-07-06 05:53:44Z" end-time="2025-07-06 05:53:44Z" duration="0.029424" total="9" passed="8" failed="1" inconclusive="0" skipped="0" asserts="0">
              <properties />
              <failure>
                <message><![CDATA[One or more child tests had errors]]></message>
              </failure>
              <test-case id="1050" name="CreateFBXRecorderSettings_CreatesValidSettings" fullname="BatchRenderingTool.Editor.Tests.RecorderSettingsFactoryTests.CreateFBXRecorderSettings_CreatesValidSettings" methodname="CreateFBXRecorderSettings_CreatesValidSettings" classname="BatchRenderingTool.Editor.Tests.RecorderSettingsFactoryTests" runstate="Runnable" seed="1959835670" result="Passed" start-time="2025-07-06 05:53:44Z" end-time="2025-07-06 05:53:44Z" duration="0.003211" asserts="0">
                <properties>
                  <property name="retryIteration" value="0" />
                  <property name="repeatIteration" value="0" />
                </properties>
                <output><![CDATA[CreateFBXRecorderSettings_CreatesValidSettings - テスト開始
CreateFBXRecorderSettings_CreatesValidSettings - テスト完了
]]></output>
              </test-case>
              <test-case id="1051" name="CreateFBXRecorderSettings_WithConfig_AppliesConfigCorrectly" fullname="BatchRenderingTool.Editor.Tests.RecorderSettingsFactoryTests.CreateFBXRecorderSettings_WithConfig_AppliesConfigCorrectly" methodname="CreateFBXRecorderSettings_WithConfig_AppliesConfigCorrectly" classname="BatchRenderingTool.Editor.Tests.RecorderSettingsFactoryTests" runstate="Runnable" seed="542909676" result="Failed" start-time="2025-07-06 05:53:44Z" end-time="2025-07-06 05:53:44Z" duration="0.002231" asserts="0">
                <properties>
                  <property name="retryIteration" value="0" />
                  <property name="repeatIteration" value="0" />
                </properties>
                <failure>
                  <message><![CDATA[  Expected: 30.0f
  But was:  24.0f
]]></message>
                  <stack-trace><![CDATA[at BatchRenderingTool.Editor.Tests.RecorderSettingsFactoryTests.CreateFBXRecorderSettings_WithConfig_AppliesConfigCorrectly () [0x00062] in D:\Works\Unity_BatchRecorderTool\Unity_BatchRenderingExample\Assets\BatchRenderingTool\Scripts\Editor\Tests\RecorderSettingsFactoryTests.cs:170
]]></stack-trace>
                </failure>
                <output><![CDATA[CreateFBXRecorderSettings_WithConfig_AppliesConfigCorrectly - テスト開始
]]></output>
              </test-case>
              <test-case id="1052" name="CreateFBXRecorderSettings_WithPreset_CreatesCorrectSettings" fullname="BatchRenderingTool.Editor.Tests.RecorderSettingsFactoryTests.CreateFBXRecorderSettings_WithPreset_CreatesCorrectSettings" methodname="CreateFBXRecorderSettings_WithPreset_CreatesCorrectSettings" classname="BatchRenderingTool.Editor.Tests.RecorderSettingsFactoryTests" runstate="Runnable" seed="546549216" result="Passed" start-time="2025-07-06 05:53:44Z" end-time="2025-07-06 05:53:44Z" duration="0.003268" asserts="0">
                <properties>
                  <property name="retryIteration" value="0" />
                  <property name="repeatIteration" value="0" />
                </properties>
                <output><![CDATA[CreateFBXRecorderSettings_WithPreset_CreatesCorrectSettings - テスト開始
CreateFBXRecorderSettings_WithPreset_CreatesCorrectSettings - テスト完了
]]></output>
              </test-case>
              <test-case id="1053" name="CreateImageRecorderSettings_HandlesSpecialCharactersInPath" fullname="BatchRenderingTool.Editor.Tests.RecorderSettingsFactoryTests.CreateImageRecorderSettings_HandlesSpecialCharactersInPath" methodname="CreateImageRecorderSettings_HandlesSpecialCharactersInPath" classname="BatchRenderingTool.Editor.Tests.RecorderSettingsFactoryTests" runstate="Runnable" seed="1629365586" result="Passed" start-time="2025-07-06 05:53:44Z" end-time="2025-07-06 05:53:44Z" duration="0.003892" asserts="0">
                <properties>
                  <property name="retryIteration" value="0" />
                  <property name="repeatIteration" value="0" />
                </properties>
                <output><![CDATA[CreateImageRecorderSettings_HandlesSpecialCharactersInPath - テスト開始
CreateImageRecorderSettings_HandlesSpecialCharactersInPath - パス: 'Test Output' 確認OK
CreateImageRecorderSettings_HandlesSpecialCharactersInPath - パス: 'Test-Output' 確認OK
CreateImageRecorderSettings_HandlesSpecialCharactersInPath - パス: 'Test_Output' 確認OK
CreateImageRecorderSettings_HandlesSpecialCharactersInPath - パス: 'TestOutput123' 確認OK
CreateImageRecorderSettings_HandlesSpecialCharactersInPath - パス: 'Test.Output' 確認OK
CreateImageRecorderSettings_HandlesSpecialCharactersInPath - テスト完了
]]></output>
              </test-case>
              <test-case id="1049" name="CreateImageRecorderSettings_SetsCorrectFrameRate" fullname="BatchRenderingTool.Editor.Tests.RecorderSettingsFactoryTests.CreateImageRecorderSettings_SetsCorrectFrameRate" methodname="CreateImageRecorderSettings_SetsCorrectFrameRate" classname="BatchRenderingTool.Editor.Tests.RecorderSettingsFactoryTests" runstate="Runnable" seed="333443991" result="Passed" start-time="2025-07-06 05:53:44Z" end-time="2025-07-06 05:53:44Z" duration="0.003098" asserts="0">
                <properties>
                  <property name="retryIteration" value="0" />
                  <property name="repeatIteration" value="0" />
                </properties>
                <output><![CDATA[CreateImageRecorderSettings_SetsCorrectFrameRate - テスト開始
CreateImageRecorderSettings_SetsCorrectFrameRate - フレームレート: 24fps 確認OK
CreateImageRecorderSettings_SetsCorrectFrameRate - フレームレート: 30fps 確認OK
CreateImageRecorderSettings_SetsCorrectFrameRate - フレームレート: 60fps 確認OK
CreateImageRecorderSettings_SetsCorrectFrameRate - フレームレート: 120fps 確認OK
CreateImageRecorderSettings_SetsCorrectFrameRate - テスト完了
]]></output>
              </test-case>
              <test-case id="1048" name="CreateImageRecorderSettings_SetsCorrectResolution" fullname="BatchRenderingTool.Editor.Tests.RecorderSettingsFactoryTests.CreateImageRecorderSettings_SetsCorrectResolution" methodname="CreateImageRecorderSettings_SetsCorrectResolution" classname="BatchRenderingTool.Editor.Tests.RecorderSettingsFactoryTests" runstate="Runnable" seed="1260149816" result="Passed" start-time="2025-07-06 05:53:44Z" end-time="2025-07-06 05:53:44Z" duration="0.001981" asserts="0">
                <properties>
                  <property name="retryIteration" value="0" />
                  <property name="repeatIteration" value="0" />
                </properties>
                <output><![CDATA[CreateImageRecorderSettings_SetsCorrectResolution - テスト開始
CreateImageRecorderSettings_SetsCorrectResolution - 解像度: 2560x1440
CreateImageRecorderSettings_SetsCorrectResolution - テスト完了
]]></output>
              </test-case>
              <test-case id="1047" name="CreateImageRecorderSettings_WithEXR_CreatesValidSettings" fullname="BatchRenderingTool.Editor.Tests.RecorderSettingsFactoryTests.CreateImageRecorderSettings_WithEXR_CreatesValidSettings" methodname="CreateImageRecorderSettings_WithEXR_CreatesValidSettings" classname="BatchRenderingTool.Editor.Tests.RecorderSettingsFactoryTests" runstate="Runnable" seed="642384795" result="Passed" start-time="2025-07-06 05:53:44Z" end-time="2025-07-06 05:53:44Z" duration="0.001170" asserts="0">
                <properties>
                  <property name="retryIteration" value="0" />
                  <property name="repeatIteration" value="0" />
                </properties>
                <output><![CDATA[CreateImageRecorderSettings_WithEXR_CreatesValidSettings - テスト開始
CreateImageRecorderSettings_WithEXR_CreatesValidSettings - テスト完了
]]></output>
              </test-case>
              <test-case id="1046" name="CreateImageRecorderSettings_WithJPG_CreatesValidSettings" fullname="BatchRenderingTool.Editor.Tests.RecorderSettingsFactoryTests.CreateImageRecorderSettings_WithJPG_CreatesValidSettings" methodname="CreateImageRecorderSettings_WithJPG_CreatesValidSettings" classname="BatchRenderingTool.Editor.Tests.RecorderSettingsFactoryTests" runstate="Runnable" seed="56349701" result="Passed" start-time="2025-07-06 05:53:44Z" end-time="2025-07-06 05:53:44Z" duration="0.001031" asserts="0">
                <properties>
                  <property name="retryIteration" value="0" />
                  <property name="repeatIteration" value="0" />
                </properties>
                <output><![CDATA[CreateImageRecorderSettings_WithJPG_CreatesValidSettings - テスト開始
CreateImageRecorderSettings_WithJPG_CreatesValidSettings - テスト完了
]]></output>
              </test-case>
              <test-case id="1045" name="CreateImageRecorderSettings_WithPNG_CreatesValidSettings" fullname="BatchRenderingTool.Editor.Tests.RecorderSettingsFactoryTests.CreateImageRecorderSettings_WithPNG_CreatesValidSettings" methodname="CreateImageRecorderSettings_WithPNG_CreatesValidSettings" classname="BatchRenderingTool.Editor.Tests.RecorderSettingsFactoryTests" runstate="Runnable" seed="630278824" result="Passed" start-time="2025-07-06 05:53:44Z" end-time="2025-07-06 05:53:44Z" duration="0.001801" asserts="0">
                <properties>
                  <property name="retryIteration" value="0" />
                  <property name="repeatIteration" value="0" />
                </properties>
                <output><![CDATA[CreateImageRecorderSettings_WithPNG_CreatesValidSettings - テスト開始
CreateImageRecorderSettings_WithPNG_CreatesValidSettings - テスト完了
]]></output>
              </test-case>
            </test-suite>
            <test-suite type="TestFixture" id="1054" name="SingleTimelineRendererTests" fullname="BatchRenderingTool.Editor.Tests.SingleTimelineRendererTests" classname="BatchRenderingTool.Editor.Tests.SingleTimelineRendererTests" runstate="Runnable" testcasecount="5" result="Passed" start-time="2025-07-06 05:53:44Z" end-time="2025-07-06 05:53:44Z" duration="0.051689" total="5" passed="5" failed="0" inconclusive="0" skipped="0" asserts="0">
              <properties />
              <test-case id="1055" name="Constructor_InitializesDefaultValues" fullname="BatchRenderingTool.Editor.Tests.SingleTimelineRendererTests.Constructor_InitializesDefaultValues" methodname="Constructor_InitializesDefaultValues" classname="BatchRenderingTool.Editor.Tests.SingleTimelineRendererTests" runstate="Runnable" seed="1781687441" result="Passed" start-time="2025-07-06 05:53:44Z" end-time="2025-07-06 05:53:44Z" duration="0.010591" asserts="0">
                <properties>
                  <property name="retryIteration" value="0" />
                  <property name="repeatIteration" value="0" />
                </properties>
                <output><![CDATA[SingleTimelineRendererTests - Setup開始
SingleTimelineRendererTests - Setup完了
Constructor_InitializesDefaultValues - テスト開始
Constructor_InitializesDefaultValues - テスト完了
SingleTimelineRendererTests - TearDown開始
SingleTimelineRendererTests - TearDown完了
]]></output>
              </test-case>
              <test-case id="1056" name="GetAllPlayableDirectors_ReturnsActiveDirectors" fullname="BatchRenderingTool.Editor.Tests.SingleTimelineRendererTests.GetAllPlayableDirectors_ReturnsActiveDirectors" methodname="GetAllPlayableDirectors_ReturnsActiveDirectors" classname="BatchRenderingTool.Editor.Tests.SingleTimelineRendererTests" runstate="Runnable" seed="2058091320" result="Passed" start-time="2025-07-06 05:53:44Z" end-time="2025-07-06 05:53:44Z" duration="0.009244" asserts="0">
                <properties>
                  <property name="retryIteration" value="0" />
                  <property name="repeatIteration" value="0" />
                </properties>
                <output><![CDATA[SingleTimelineRendererTests - Setup開始
SingleTimelineRendererTests - Setup完了
GetAllPlayableDirectors_ReturnsActiveDirectors - テスト開始
GetAllPlayableDirectors_ReturnsActiveDirectors - 検出されたDirector数: 1
GetAllPlayableDirectors_ReturnsActiveDirectors - テスト完了
SingleTimelineRendererTests - TearDown開始
SingleTimelineRendererTests - TearDown完了
]]></output>
              </test-case>
              <test-case id="1057" name="SetSelectedDirector_UpdatesSelection" fullname="BatchRenderingTool.Editor.Tests.SingleTimelineRendererTests.SetSelectedDirector_UpdatesSelection" methodname="SetSelectedDirector_UpdatesSelection" classname="BatchRenderingTool.Editor.Tests.SingleTimelineRendererTests" runstate="Runnable" seed="892914378" result="Passed" start-time="2025-07-06 05:53:44Z" end-time="2025-07-06 05:53:44Z" duration="0.008061" asserts="0">
                <properties>
                  <property name="retryIteration" value="0" />
                  <property name="repeatIteration" value="0" />
                </properties>
                <output><![CDATA[SingleTimelineRendererTests - Setup開始
SingleTimelineRendererTests - Setup完了
SetSelectedDirector_UpdatesSelection - テスト開始
SetSelectedDirector_UpdatesSelection - テスト完了
SingleTimelineRendererTests - TearDown開始
SingleTimelineRendererTests - TearDown完了
]]></output>
              </test-case>
              <test-case id="1059" name="ValidateSettings_WithoutDirector_ReturnsFalse" fullname="BatchRenderingTool.Editor.Tests.SingleTimelineRendererTests.ValidateSettings_WithoutDirector_ReturnsFalse" methodname="ValidateSettings_WithoutDirector_ReturnsFalse" classname="BatchRenderingTool.Editor.Tests.SingleTimelineRendererTests" runstate="Runnable" seed="651058288" result="Passed" start-time="2025-07-06 05:53:44Z" end-time="2025-07-06 05:53:44Z" duration="0.007805" asserts="0">
                <properties>
                  <property name="retryIteration" value="0" />
                  <property name="repeatIteration" value="0" />
                </properties>
                <output><![CDATA[SingleTimelineRendererTests - Setup開始
SingleTimelineRendererTests - Setup完了
ValidateSettings_WithoutDirector_ReturnsFalse - テスト開始
ValidateSettings_WithoutDirector_ReturnsFalse - エラーメッセージ: No Timeline selected
ValidateSettings_WithoutDirector_ReturnsFalse - テスト完了
SingleTimelineRendererTests - TearDown開始
SingleTimelineRendererTests - TearDown完了
]]></output>
              </test-case>
              <test-case id="1058" name="ValidateSettings_WithValidSettings_ReturnsTrue" fullname="BatchRenderingTool.Editor.Tests.SingleTimelineRendererTests.ValidateSettings_WithValidSettings_ReturnsTrue" methodname="ValidateSettings_WithValidSettings_ReturnsTrue" classname="BatchRenderingTool.Editor.Tests.SingleTimelineRendererTests" runstate="Runnable" seed="1334460775" result="Passed" start-time="2025-07-06 05:53:44Z" end-time="2025-07-06 05:53:44Z" duration="0.006882" asserts="0">
                <properties>
                  <property name="retryIteration" value="0" />
                  <property name="repeatIteration" value="0" />
                </properties>
                <output><![CDATA[SingleTimelineRendererTests - Setup開始
SingleTimelineRendererTests - Setup完了
ValidateSettings_WithValidSettings_ReturnsTrue - テスト開始
ValidateSettings_WithValidSettings_ReturnsTrue - テスト完了
SingleTimelineRendererTests - TearDown開始
SingleTimelineRendererTests - TearDown完了
Saving results to: C:/Users/uma92/AppData/LocalLow/DefaultCompany/UnityBatchRenderingTool\TestResults.xml
]]></output>
              </test-case>
            </test-suite>
          </test-suite>
        </test-suite>
      </test-suite>
    </test-suite>
  </test-suite>
</test-run>