<?xml version="1.0" encoding="utf-8"?>
<test-run id="2" testcasecount="51" result="Failed(Child)" total="51" passed="40" failed="11" inconclusive="0" skipped="0" asserts="0" engine-version="3.5.0.0" clr-version="4.0.30319.42000" start-time="2025-07-06 05:05:33Z" end-time="2025-07-06 05:05:34Z" duration="0.1675676">
  <test-suite type="TestSuite" id="1072" name="UnityBatchRenderingTool" fullname="UnityBatchRenderingTool" runstate="Runnable" testcasecount="51" result="Failed" site="Child" start-time="2025-07-06 05:05:33Z" end-time="2025-07-06 05:05:34Z" duration="0.167568" total="51" passed="40" failed="11" inconclusive="0" skipped="0" asserts="0">
    <properties>
      <property name="platform" value="EditMode" />
    </properties>
    <failure>
      <message><![CDATA[One or more child tests had errors]]></message>
    </failure>
    <test-suite type="Assembly" id="1058" name="BatchRenderingTool.Editor.Tests.dll" fullname="D:/Works/Unity_BatchRecorderTool/Unity_BatchRenderingExample/Library/ScriptAssemblies/BatchRenderingTool.Editor.Tests.dll" runstate="Runnable" testcasecount="51" result="Failed" site="Child" start-time="2025-07-06 05:05:33Z" end-time="2025-07-06 05:05:34Z" duration="0.162973" total="51" passed="40" failed="11" inconclusive="0" skipped="0" asserts="0">
      <properties>
        <property name="_PID" value="48696" />
        <property name="_APPDOMAIN" value="Unity Child Domain" />
        <property name="platform" value="EditMode" />
        <property name="EditorOnly" value="True" />
      </properties>
      <failure>
        <message><![CDATA[One or more child tests had errors]]></message>
      </failure>
      <test-suite type="TestSuite" id="1059" name="BatchRenderingTool" fullname="BatchRenderingTool" runstate="Runnable" testcasecount="51" result="Failed" site="Child" start-time="2025-07-06 05:05:33Z" end-time="2025-07-06 05:05:34Z" duration="0.161569" total="51" passed="40" failed="11" inconclusive="0" skipped="0" asserts="0">
        <properties />
        <failure>
          <message><![CDATA[One or more child tests had errors]]></message>
        </failure>
        <test-suite type="TestSuite" id="1060" name="Editor" fullname="BatchRenderingTool.Editor" runstate="Runnable" testcasecount="51" result="Failed" site="Child" start-time="2025-07-06 05:05:33Z" end-time="2025-07-06 05:05:34Z" duration="0.160384" total="51" passed="40" failed="11" inconclusive="0" skipped="0" asserts="0">
          <properties />
          <failure>
            <message><![CDATA[One or more child tests had errors]]></message>
          </failure>
          <test-suite type="TestSuite" id="1061" name="Tests" fullname="BatchRenderingTool.Editor.Tests" runstate="Runnable" testcasecount="51" result="Failed" site="Child" start-time="2025-07-06 05:05:33Z" end-time="2025-07-06 05:05:34Z" duration="0.159127" total="51" passed="40" failed="11" inconclusive="0" skipped="0" asserts="0">
            <properties />
            <failure>
              <message><![CDATA[One or more child tests had errors]]></message>
            </failure>
            <test-suite type="TestFixture" id="1001" name="AlembicRecorderSettingsTests" fullname="BatchRenderingTool.Editor.Tests.AlembicRecorderSettingsTests" classname="BatchRenderingTool.Editor.Tests.AlembicRecorderSettingsTests" runstate="Runnable" testcasecount="12" result="Passed" start-time="2025-07-06 05:05:33Z" end-time="2025-07-06 05:05:33Z" duration="0.041909" total="12" passed="12" failed="0" inconclusive="0" skipped="0" asserts="0">
              <properties />
              <test-case id="1013" name="AlembicExportTargets_Flags_CanCombineMultipleTargets" fullname="BatchRenderingTool.Editor.Tests.AlembicRecorderSettingsTests.AlembicExportTargets_Flags_CanCombineMultipleTargets" methodname="AlembicExportTargets_Flags_CanCombineMultipleTargets" classname="BatchRenderingTool.Editor.Tests.AlembicRecorderSettingsTests" runstate="Runnable" seed="1818865280" result="Passed" start-time="2025-07-06 05:05:33Z" end-time="2025-07-06 05:05:33Z" duration="0.002829" asserts="0">
                <properties>
                  <property name="retryIteration" value="0" />
                  <property name="repeatIteration" value="0" />
                </properties>
                <output><![CDATA[[AlembicRecorderSettingsTests] Setup - テスト開始
[AlembicRecorderSettingsTests] AlembicExportTargets_Flags - テスト開始
[AlembicRecorderSettingsTests] Combined flags value: MeshRenderer, Camera, Transform
[AlembicRecorderSettingsTests] AlembicExportTargets_Flags - テスト完了
[AlembicRecorderSettingsTests] TearDown - テスト終了
]]></output>
              </test-case>
              <test-case id="1002" name="AlembicPackage_IsAvailable" fullname="BatchRenderingTool.Editor.Tests.AlembicRecorderSettingsTests.AlembicPackage_IsAvailable" methodname="AlembicPackage_IsAvailable" classname="BatchRenderingTool.Editor.Tests.AlembicRecorderSettingsTests" runstate="Runnable" seed="1277121761" result="Passed" start-time="2025-07-06 05:05:33Z" end-time="2025-07-06 05:05:33Z" duration="0.002138" asserts="0">
                <properties>
                  <property name="retryIteration" value="0" />
                  <property name="repeatIteration" value="0" />
                </properties>
                <output><![CDATA[[AlembicRecorderSettingsTests] Setup - テスト開始
[AlembicRecorderSettingsTests] AlembicPackage_IsAvailable - テスト開始
[AlembicRecorderSettingsTests] Alembic package available: True
[AlembicRecorderSettingsTests] AlembicPackage_IsAvailable - テスト完了
[AlembicRecorderSettingsTests] TearDown - テスト終了
]]></output>
              </test-case>
              <test-case id="1009" name="AlembicRecorderSettingsConfig_Clone_CreatesIdenticalCopy" fullname="BatchRenderingTool.Editor.Tests.AlembicRecorderSettingsTests.AlembicRecorderSettingsConfig_Clone_CreatesIdenticalCopy" methodname="AlembicRecorderSettingsConfig_Clone_CreatesIdenticalCopy" classname="BatchRenderingTool.Editor.Tests.AlembicRecorderSettingsTests" runstate="Runnable" seed="802855844" result="Passed" start-time="2025-07-06 05:05:33Z" end-time="2025-07-06 05:05:33Z" duration="0.002837" asserts="0">
                <properties>
                  <property name="retryIteration" value="0" />
                  <property name="repeatIteration" value="0" />
                </properties>
                <output><![CDATA[[AlembicRecorderSettingsTests] Setup - テスト開始
[AlembicRecorderSettingsTests] Clone_CreatesIdenticalCopy - テスト開始
[AlembicRecorderSettingsTests] Clone_CreatesIdenticalCopy - テスト完了
[AlembicRecorderSettingsTests] TearDown - テスト終了
]]></output>
              </test-case>
              <test-case id="1012" name="AlembicRecorderSettingsConfig_CreateAlembicRecorderSettings_CreatesValidSettings" fullname="BatchRenderingTool.Editor.Tests.AlembicRecorderSettingsTests.AlembicRecorderSettingsConfig_CreateAlembicRecorderSettings_CreatesValidSettings" methodname="AlembicRecorderSettingsConfig_CreateAlembicRecorderSettings_CreatesValidSettings" classname="BatchRenderingTool.Editor.Tests.AlembicRecorderSettingsTests" runstate="Runnable" seed="618303685" result="Passed" start-time="2025-07-06 05:05:33Z" end-time="2025-07-06 05:05:33Z" duration="0.014351" asserts="0">
                <properties>
                  <property name="retryIteration" value="0" />
                  <property name="repeatIteration" value="0" />
                </properties>
                <output><![CDATA[[AlembicRecorderSettingsTests] Setup - テスト開始
[AlembicRecorderSettingsTests] CreateAlembicRecorderSettings - テスト開始
[AlembicRecorderSettingsConfig] === Applying settings to type: UnityEditor.Formats.Alembic.Recorder.AlembicRecorderSettings ===
[AlembicRecorderSettingsConfig] === Export scope: EntireScene, Target GameObject: null ===
[AlembicRecorderSettingsConfig] === Available properties on AlembicRecorderSettings: ===
  - Property: Settings (Type: AlembicRecorderSettings, CanWrite: False)
  - Property: InputsSettings (Type: IEnumerable`1, CanWrite: False)
  - Property: OutputFile (Type: String, CanWrite: True)
  - Property: Enabled (Type: Boolean, CanWrite: True)
  - Property: Take (Type: Int32, CanWrite: True)
  - Property: FileNameGenerator (Type: FileNameGenerator, CanWrite: False)
  - Property: RecordMode (Type: RecordMode, CanWrite: True)
  - Property: FrameRatePlayback (Type: FrameRatePlayback, CanWrite: True)
  - Property: FrameRate (Type: Single, CanWrite: True)
  - Property: StartFrame (Type: Int32, CanWrite: True)
  - Property: EndFrame (Type: Int32, CanWrite: True)
  - Property: StartTime (Type: Single, CanWrite: True)
  - Property: EndTime (Type: Single, CanWrite: True)
  - Property: CapFrameRate (Type: Boolean, CanWrite: True)
  - Property: IsPlatformSupported (Type: Boolean, CanWrite: False)
  - Property: name (Type: String, CanWrite: True)
  - Property: hideFlags (Type: HideFlags, CanWrite: True)
[AlembicRecorderSettingsConfig] Found inner Settings of type: UnityEngine.Formats.Alembic.Util.AlembicRecorderSettings
[AlembicRecorderSettingsConfig] Found Scope property of type: UnityEngine.Formats.Alembic.Util.ExportScope
[AlembicRecorderSettingsConfig] === Successfully set Scope to EntireScene ===
[AlembicRecorderSettingsConfig] === Set property SwapHandedness to False, verified: False ===
[AlembicRecorderSettingsTests] CreateAlembicRecorderSettings - テスト完了
[AlembicRecorderSettingsTests] TearDown - テスト終了
]]></output>
              </test-case>
              <test-case id="1007" name="AlembicRecorderSettingsConfig_GetExportObjects_EntireScene_ReturnsAllRootObjects" fullname="BatchRenderingTool.Editor.Tests.AlembicRecorderSettingsTests.AlembicRecorderSettingsConfig_GetExportObjects_EntireScene_ReturnsAllRootObjects" methodname="AlembicRecorderSettingsConfig_GetExportObjects_EntireScene_ReturnsAllRootObjects" classname="BatchRenderingTool.Editor.Tests.AlembicRecorderSettingsTests" runstate="Runnable" seed="1645718953" result="Passed" start-time="2025-07-06 05:05:33Z" end-time="2025-07-06 05:05:33Z" duration="0.003654" asserts="0">
                <properties>
                  <property name="retryIteration" value="0" />
                  <property name="repeatIteration" value="0" />
                </properties>
                <output><![CDATA[[AlembicRecorderSettingsTests] Setup - テスト開始
[AlembicRecorderSettingsTests] GetExportObjects_EntireScene - テスト開始
[AlembicRecorderSettingsTests] Found 3 root objects in scene
[AlembicRecorderSettingsTests] GetExportObjects_EntireScene - テスト完了
[AlembicRecorderSettingsTests] TearDown - テスト終了
]]></output>
              </test-case>
              <test-case id="1008" name="AlembicRecorderSettingsConfig_GetExportObjects_TargetGameObject_ReturnsSpecificObject" fullname="BatchRenderingTool.Editor.Tests.AlembicRecorderSettingsTests.AlembicRecorderSettingsConfig_GetExportObjects_TargetGameObject_ReturnsSpecificObject" methodname="AlembicRecorderSettingsConfig_GetExportObjects_TargetGameObject_ReturnsSpecificObject" classname="BatchRenderingTool.Editor.Tests.AlembicRecorderSettingsTests" runstate="Runnable" seed="914319081" result="Passed" start-time="2025-07-06 05:05:33Z" end-time="2025-07-06 05:05:33Z" duration="0.002091" asserts="0">
                <properties>
                  <property name="retryIteration" value="0" />
                  <property name="repeatIteration" value="0" />
                </properties>
                <output><![CDATA[[AlembicRecorderSettingsTests] Setup - テスト開始
[AlembicRecorderSettingsTests] GetExportObjects_TargetGameObject - テスト開始
[AlembicRecorderSettingsTests] GetExportObjects_TargetGameObject - テスト完了
[AlembicRecorderSettingsTests] TearDown - テスト終了
]]></output>
              </test-case>
              <test-case id="1010" name="AlembicRecorderSettingsConfig_GetPreset_AnimationExport_ReturnsCorrectConfig" fullname="BatchRenderingTool.Editor.Tests.AlembicRecorderSettingsTests.AlembicRecorderSettingsConfig_GetPreset_AnimationExport_ReturnsCorrectConfig" methodname="AlembicRecorderSettingsConfig_GetPreset_AnimationExport_ReturnsCorrectConfig" classname="BatchRenderingTool.Editor.Tests.AlembicRecorderSettingsTests" runstate="Runnable" seed="1137885557" result="Passed" start-time="2025-07-06 05:05:33Z" end-time="2025-07-06 05:05:33Z" duration="0.001799" asserts="0">
                <properties>
                  <property name="retryIteration" value="0" />
                  <property name="repeatIteration" value="0" />
                </properties>
                <output><![CDATA[[AlembicRecorderSettingsTests] Setup - テスト開始
[AlembicRecorderSettingsTests] GetPreset_AnimationExport - テスト開始
[AlembicRecorderSettingsTests] GetPreset_AnimationExport - テスト完了
[AlembicRecorderSettingsTests] TearDown - テスト終了
]]></output>
              </test-case>
              <test-case id="1011" name="AlembicRecorderSettingsConfig_GetPreset_FullSceneExport_ReturnsCorrectConfig" fullname="BatchRenderingTool.Editor.Tests.AlembicRecorderSettingsTests.AlembicRecorderSettingsConfig_GetPreset_FullSceneExport_ReturnsCorrectConfig" methodname="AlembicRecorderSettingsConfig_GetPreset_FullSceneExport_ReturnsCorrectConfig" classname="BatchRenderingTool.Editor.Tests.AlembicRecorderSettingsTests" runstate="Runnable" seed="114429953" result="Passed" start-time="2025-07-06 05:05:33Z" end-time="2025-07-06 05:05:33Z" duration="0.001648" asserts="0">
                <properties>
                  <property name="retryIteration" value="0" />
                  <property name="repeatIteration" value="0" />
                </properties>
                <output><![CDATA[[AlembicRecorderSettingsTests] Setup - テスト開始
[AlembicRecorderSettingsTests] GetPreset_FullSceneExport - テスト開始
[AlembicRecorderSettingsTests] GetPreset_FullSceneExport - テスト完了
[AlembicRecorderSettingsTests] TearDown - テスト終了
]]></output>
              </test-case>
              <test-case id="1004" name="AlembicRecorderSettingsConfig_Validate_WithInvalidFrameRate_ReturnsFalse" fullname="BatchRenderingTool.Editor.Tests.AlembicRecorderSettingsTests.AlembicRecorderSettingsConfig_Validate_WithInvalidFrameRate_ReturnsFalse" methodname="AlembicRecorderSettingsConfig_Validate_WithInvalidFrameRate_ReturnsFalse" classname="BatchRenderingTool.Editor.Tests.AlembicRecorderSettingsTests" runstate="Runnable" seed="644502567" result="Passed" start-time="2025-07-06 05:05:33Z" end-time="2025-07-06 05:05:33Z" duration="0.002225" asserts="0">
                <properties>
                  <property name="retryIteration" value="0" />
                  <property name="repeatIteration" value="0" />
                </properties>
                <output><![CDATA[[AlembicRecorderSettingsTests] Setup - テスト開始
[AlembicRecorderSettingsTests] Validate_WithInvalidFrameRate - テスト開始
[AlembicRecorderSettingsTests] エラーメッセージ: Frame rate must be between 1 and 120
[AlembicRecorderSettingsTests] Validate_WithInvalidFrameRate - テスト完了
[AlembicRecorderSettingsTests] TearDown - テスト終了
]]></output>
              </test-case>
              <test-case id="1005" name="AlembicRecorderSettingsConfig_Validate_WithNoExportTargets_ReturnsFalse" fullname="BatchRenderingTool.Editor.Tests.AlembicRecorderSettingsTests.AlembicRecorderSettingsConfig_Validate_WithNoExportTargets_ReturnsFalse" methodname="AlembicRecorderSettingsConfig_Validate_WithNoExportTargets_ReturnsFalse" classname="BatchRenderingTool.Editor.Tests.AlembicRecorderSettingsTests" runstate="Runnable" seed="1434888812" result="Passed" start-time="2025-07-06 05:05:33Z" end-time="2025-07-06 05:05:33Z" duration="0.002105" asserts="0">
                <properties>
                  <property name="retryIteration" value="0" />
                  <property name="repeatIteration" value="0" />
                </properties>
                <output><![CDATA[[AlembicRecorderSettingsTests] Setup - テスト開始
[AlembicRecorderSettingsTests] Validate_WithNoExportTargets - テスト開始
[AlembicRecorderSettingsTests] エラーメッセージ: At least one export target must be selected
[AlembicRecorderSettingsTests] Validate_WithNoExportTargets - テスト完了
[AlembicRecorderSettingsTests] TearDown - テスト終了
]]></output>
              </test-case>
              <test-case id="1006" name="AlembicRecorderSettingsConfig_Validate_WithTargetGameObjectScope_RequiresGameObject" fullname="BatchRenderingTool.Editor.Tests.AlembicRecorderSettingsTests.AlembicRecorderSettingsConfig_Validate_WithTargetGameObjectScope_RequiresGameObject" methodname="AlembicRecorderSettingsConfig_Validate_WithTargetGameObjectScope_RequiresGameObject" classname="BatchRenderingTool.Editor.Tests.AlembicRecorderSettingsTests" runstate="Runnable" seed="2026862209" result="Passed" start-time="2025-07-06 05:05:33Z" end-time="2025-07-06 05:05:33Z" duration="0.001686" asserts="0">
                <properties>
                  <property name="retryIteration" value="0" />
                  <property name="repeatIteration" value="0" />
                </properties>
                <output><![CDATA[[AlembicRecorderSettingsTests] Setup - テスト開始
[AlembicRecorderSettingsTests] Validate_WithTargetGameObjectScope - テスト開始
[AlembicRecorderSettingsTests] Validate_WithTargetGameObjectScope - テスト完了
[AlembicRecorderSettingsTests] TearDown - テスト終了
]]></output>
              </test-case>
              <test-case id="1003" name="AlembicRecorderSettingsConfig_Validate_WithValidConfig_ReturnsTrue" fullname="BatchRenderingTool.Editor.Tests.AlembicRecorderSettingsTests.AlembicRecorderSettingsConfig_Validate_WithValidConfig_ReturnsTrue" methodname="AlembicRecorderSettingsConfig_Validate_WithValidConfig_ReturnsTrue" classname="BatchRenderingTool.Editor.Tests.AlembicRecorderSettingsTests" runstate="Runnable" seed="1826705134" result="Passed" start-time="2025-07-06 05:05:33Z" end-time="2025-07-06 05:05:33Z" duration="0.001797" asserts="0">
                <properties>
                  <property name="retryIteration" value="0" />
                  <property name="repeatIteration" value="0" />
                </properties>
                <output><![CDATA[[AlembicRecorderSettingsTests] Setup - テスト開始
[AlembicRecorderSettingsTests] Validate_WithValidConfig - テスト開始
[AlembicRecorderSettingsTests] Validate_WithValidConfig - テスト完了
[AlembicRecorderSettingsTests] TearDown - テスト終了
]]></output>
              </test-case>
            </test-suite>
            <test-suite type="TestFixture" id="1014" name="AOVRecorderSettingsTests" fullname="BatchRenderingTool.Editor.Tests.AOVRecorderSettingsTests" classname="BatchRenderingTool.Editor.Tests.AOVRecorderSettingsTests" runstate="Runnable" testcasecount="12" result="Failed" site="Child" start-time="2025-07-06 05:05:33Z" end-time="2025-07-06 05:05:34Z" duration="0.036402" total="12" passed="10" failed="2" inconclusive="0" skipped="0" asserts="0">
              <properties />
              <failure>
                <message><![CDATA[One or more child tests had errors]]></message>
              </failure>
              <test-case id="1023" name="AOVRecorderSettingsConfig_Clone_CreatesIdenticalCopy" fullname="BatchRenderingTool.Editor.Tests.AOVRecorderSettingsTests.AOVRecorderSettingsConfig_Clone_CreatesIdenticalCopy" methodname="AOVRecorderSettingsConfig_Clone_CreatesIdenticalCopy" classname="BatchRenderingTool.Editor.Tests.AOVRecorderSettingsTests" runstate="Runnable" seed="2140842682" result="Passed" start-time="2025-07-06 05:05:33Z" end-time="2025-07-06 05:05:33Z" duration="0.001510" asserts="0">
                <properties>
                  <property name="retryIteration" value="0" />
                  <property name="repeatIteration" value="0" />
                </properties>
                <output><![CDATA[[AOVRecorderSettingsTests] Clone_CreatesIdenticalCopy - テスト開始
[AOVRecorderSettingsTests] Clone_CreatesIdenticalCopy - テスト完了
]]></output>
              </test-case>
              <test-case id="1025" name="AOVRecorderSettingsConfig_CreateAOVRecorderSettings_CreatesMultipleSettings" fullname="BatchRenderingTool.Editor.Tests.AOVRecorderSettingsTests.AOVRecorderSettingsConfig_CreateAOVRecorderSettings_CreatesMultipleSettings" methodname="AOVRecorderSettingsConfig_CreateAOVRecorderSettings_CreatesMultipleSettings" classname="BatchRenderingTool.Editor.Tests.AOVRecorderSettingsTests" runstate="Runnable" seed="623091150" result="Passed" start-time="2025-07-06 05:05:33Z" end-time="2025-07-06 05:05:33Z" duration="0.005533" asserts="0">
                <properties>
                  <property name="retryIteration" value="0" />
                  <property name="repeatIteration" value="0" />
                </properties>
                <output><![CDATA[[AOVRecorderSettingsTests] CreateAOVRecorderSettings - テスト開始
[AOVRecorderSettingsConfig] Creating AOV settings for 3 selected AOVs
[AOVRecorderSettingsConfig] Creating settings for AOV: Depth
[AOVRecorderSettingsConfig] Creating settings for AOV: Normal
[AOVRecorderSettingsConfig] Creating settings for AOV: Albedo
[AOVRecorderSettingsTests] Created 3 AOV recorder settings
[AOVRecorderSettingsTests] CreateAOVRecorderSettings - テスト完了
]]></output>
              </test-case>
              <test-case id="1022" name="AOVRecorderSettingsConfig_GetSelectedAOVsList_ReturnsCorrectList" fullname="BatchRenderingTool.Editor.Tests.AOVRecorderSettingsTests.AOVRecorderSettingsConfig_GetSelectedAOVsList_ReturnsCorrectList" methodname="AOVRecorderSettingsConfig_GetSelectedAOVsList_ReturnsCorrectList" classname="BatchRenderingTool.Editor.Tests.AOVRecorderSettingsTests" runstate="Runnable" seed="1172386308" result="Passed" start-time="2025-07-06 05:05:33Z" end-time="2025-07-06 05:05:34Z" duration="0.002398" asserts="0">
                <properties>
                  <property name="retryIteration" value="0" />
                  <property name="repeatIteration" value="0" />
                </properties>
                <output><![CDATA[[AOVRecorderSettingsTests] GetSelectedAOVsList - テスト開始
[AOVRecorderSettingsTests] Selected AOVs: Depth, Normal, Albedo
[AOVRecorderSettingsTests] GetSelectedAOVsList - テスト完了
]]></output>
              </test-case>
              <test-case id="1024" name="AOVRecorderSettingsConfig_Presets_ReturnValidConfigurations" fullname="BatchRenderingTool.Editor.Tests.AOVRecorderSettingsTests.AOVRecorderSettingsConfig_Presets_ReturnValidConfigurations" methodname="AOVRecorderSettingsConfig_Presets_ReturnValidConfigurations" classname="BatchRenderingTool.Editor.Tests.AOVRecorderSettingsTests" runstate="Runnable" seed="1776736091" result="Passed" start-time="2025-07-06 05:05:34Z" end-time="2025-07-06 05:05:34Z" duration="0.001711" asserts="0">
                <properties>
                  <property name="retryIteration" value="0" />
                  <property name="repeatIteration" value="0" />
                </properties>
                <output><![CDATA[[AOVRecorderSettingsTests] Presets_ReturnValidConfigurations - テスト開始
[AOVRecorderSettingsTests] All presets validated successfully
[AOVRecorderSettingsTests] Presets_ReturnValidConfigurations - テスト完了
]]></output>
              </test-case>
              <test-case id="1021" name="AOVRecorderSettingsConfig_Validate_WithCustomPassButNoName_ReturnsFalse" fullname="BatchRenderingTool.Editor.Tests.AOVRecorderSettingsTests.AOVRecorderSettingsConfig_Validate_WithCustomPassButNoName_ReturnsFalse" methodname="AOVRecorderSettingsConfig_Validate_WithCustomPassButNoName_ReturnsFalse" classname="BatchRenderingTool.Editor.Tests.AOVRecorderSettingsTests" runstate="Runnable" seed="1901195828" result="Failed" start-time="2025-07-06 05:05:34Z" end-time="2025-07-06 05:05:34Z" duration="0.002247" asserts="0">
                <properties>
                  <property name="retryIteration" value="0" />
                  <property name="repeatIteration" value="0" />
                </properties>
                <failure>
                  <message><![CDATA[  Error message should mention custom pass name
  Expected: True
  But was:  False
]]></message>
                  <stack-trace><![CDATA[at BatchRenderingTool.Editor.Tests.AOVRecorderSettingsTests.AOVRecorderSettingsConfig_Validate_WithCustomPassButNoName_ReturnsFalse () [0x0005c] in D:\Works\Unity_BatchRecorderTool\Unity_BatchRenderingExample\Assets\BatchRenderingTool\Scripts\Editor\Tests\AOVRecorderSettingsTests.cs:184
]]></stack-trace>
                </failure>
                <output><![CDATA[[AOVRecorderSettingsTests] Validate_WithCustomPassButNoName - テスト開始
]]></output>
              </test-case>
              <test-case id="1020" name="AOVRecorderSettingsConfig_Validate_WithInvalidResolution_ReturnsFalse" fullname="BatchRenderingTool.Editor.Tests.AOVRecorderSettingsTests.AOVRecorderSettingsConfig_Validate_WithInvalidResolution_ReturnsFalse" methodname="AOVRecorderSettingsConfig_Validate_WithInvalidResolution_ReturnsFalse" classname="BatchRenderingTool.Editor.Tests.AOVRecorderSettingsTests" runstate="Runnable" seed="255735881" result="Failed" start-time="2025-07-06 05:05:34Z" end-time="2025-07-06 05:05:34Z" duration="0.000628" asserts="0">
                <properties>
                  <property name="retryIteration" value="0" />
                  <property name="repeatIteration" value="0" />
                </properties>
                <failure>
                  <message><![CDATA[  Error message should mention resolution
  Expected: True
  But was:  False
]]></message>
                  <stack-trace><![CDATA[at BatchRenderingTool.Editor.Tests.AOVRecorderSettingsTests.AOVRecorderSettingsConfig_Validate_WithInvalidResolution_ReturnsFalse () [0x00043] in D:\Works\Unity_BatchRecorderTool\Unity_BatchRenderingExample\Assets\BatchRenderingTool\Scripts\Editor\Tests\AOVRecorderSettingsTests.cs:153
]]></stack-trace>
                </failure>
                <output><![CDATA[[AOVRecorderSettingsTests] Validate_WithInvalidResolution - テスト開始
]]></output>
              </test-case>
              <test-case id="1019" name="AOVRecorderSettingsConfig_Validate_WithNoSelectedAOVs_ReturnsFalse" fullname="BatchRenderingTool.Editor.Tests.AOVRecorderSettingsTests.AOVRecorderSettingsConfig_Validate_WithNoSelectedAOVs_ReturnsFalse" methodname="AOVRecorderSettingsConfig_Validate_WithNoSelectedAOVs_ReturnsFalse" classname="BatchRenderingTool.Editor.Tests.AOVRecorderSettingsTests" runstate="Runnable" seed="186167116" result="Passed" start-time="2025-07-06 05:05:34Z" end-time="2025-07-06 05:05:34Z" duration="0.001155" asserts="0">
                <properties>
                  <property name="retryIteration" value="0" />
                  <property name="repeatIteration" value="0" />
                </properties>
                <output><![CDATA[[AOVRecorderSettingsTests] Validate_WithNoSelectedAOVs - テスト開始
[AOVRecorderSettingsTests] エラーメッセージ: AOV Recorder requires HDRP (High Definition Render Pipeline) package
[AOVRecorderSettingsTests] Validate_WithNoSelectedAOVs - テスト完了
]]></output>
              </test-case>
              <test-case id="1018" name="AOVRecorderSettingsConfig_Validate_WithoutHDRP_ReturnsFalse" fullname="BatchRenderingTool.Editor.Tests.AOVRecorderSettingsTests.AOVRecorderSettingsConfig_Validate_WithoutHDRP_ReturnsFalse" methodname="AOVRecorderSettingsConfig_Validate_WithoutHDRP_ReturnsFalse" classname="BatchRenderingTool.Editor.Tests.AOVRecorderSettingsTests" runstate="Runnable" seed="1745551534" result="Passed" start-time="2025-07-06 05:05:34Z" end-time="2025-07-06 05:05:34Z" duration="0.001275" asserts="0">
                <properties>
                  <property name="retryIteration" value="0" />
                  <property name="repeatIteration" value="0" />
                </properties>
                <output><![CDATA[[AOVRecorderSettingsTests] Validate_WithoutHDRP - テスト開始
[AOVRecorderSettingsTests] Validation result: False, Message: AOV Recorder requires HDRP (High Definition Render Pipeline) package
[AOVRecorderSettingsTests] Validate_WithoutHDRP - テスト完了
]]></output>
              </test-case>
              <test-case id="1026" name="AOVType_Flags_CanCombineMultipleTypes" fullname="BatchRenderingTool.Editor.Tests.AOVRecorderSettingsTests.AOVType_Flags_CanCombineMultipleTypes" methodname="AOVType_Flags_CanCombineMultipleTypes" classname="BatchRenderingTool.Editor.Tests.AOVRecorderSettingsTests" runstate="Runnable" seed="841320314" result="Passed" start-time="2025-07-06 05:05:34Z" end-time="2025-07-06 05:05:34Z" duration="0.001341" asserts="0">
                <properties>
                  <property name="retryIteration" value="0" />
                  <property name="repeatIteration" value="0" />
                </properties>
                <output><![CDATA[[AOVRecorderSettingsTests] AOVType_Flags - テスト開始
[AOVRecorderSettingsTests] Combined flags value: Depth, Normal, Albedo (21)
[AOVRecorderSettingsTests] AOVType_Flags - テスト完了
]]></output>
              </test-case>
              <test-case id="1017" name="AOVTypeInfo_GetAOVsByCategory_ReturnsGroupedAOVs" fullname="BatchRenderingTool.Editor.Tests.AOVRecorderSettingsTests.AOVTypeInfo_GetAOVsByCategory_ReturnsGroupedAOVs" methodname="AOVTypeInfo_GetAOVsByCategory_ReturnsGroupedAOVs" classname="BatchRenderingTool.Editor.Tests.AOVRecorderSettingsTests" runstate="Runnable" seed="738506561" result="Passed" start-time="2025-07-06 05:05:34Z" end-time="2025-07-06 05:05:34Z" duration="0.002753" asserts="0">
                <properties>
                  <property name="retryIteration" value="0" />
                  <property name="repeatIteration" value="0" />
                </properties>
                <output><![CDATA[[AOVRecorderSettingsTests] GetAOVsByCategory - テスト開始
[AOVRecorderSettingsTests] Category 'Geometry' has 4 AOV types
[AOVRecorderSettingsTests] Category 'Material' has 5 AOV types
[AOVRecorderSettingsTests] Category 'Lighting' has 5 AOV types
[AOVRecorderSettingsTests] Category 'Additional' has 3 AOV types
[AOVRecorderSettingsTests] GetAOVsByCategory - テスト完了
]]></output>
              </test-case>
              <test-case id="1016" name="AOVTypeInfo_GetInfo_ReturnsValidInfoForAllTypes" fullname="BatchRenderingTool.Editor.Tests.AOVRecorderSettingsTests.AOVTypeInfo_GetInfo_ReturnsValidInfoForAllTypes" methodname="AOVTypeInfo_GetInfo_ReturnsValidInfoForAllTypes" classname="BatchRenderingTool.Editor.Tests.AOVRecorderSettingsTests" runstate="Runnable" seed="1996418263" result="Passed" start-time="2025-07-06 05:05:34Z" end-time="2025-07-06 05:05:34Z" duration="0.007810" asserts="0">
                <properties>
                  <property name="retryIteration" value="0" />
                  <property name="repeatIteration" value="0" />
                </properties>
                <output><![CDATA[[AOVRecorderSettingsTests] GetInfo_ReturnsValidInfoForAllTypes - テスト開始
[AOVRecorderSettingsTests] Depth: Depth - Geometry
[AOVRecorderSettingsTests] DepthNormalized: Depth (Normalized) - Geometry
[AOVRecorderSettingsTests] Normal: World Normal - Geometry
[AOVRecorderSettingsTests] MotionVectors: Motion Vectors - Geometry
[AOVRecorderSettingsTests] Albedo: Albedo - Material
[AOVRecorderSettingsTests] Specular: Specular - Material
[AOVRecorderSettingsTests] Smoothness: Smoothness - Material
[AOVRecorderSettingsTests] AmbientOcclusion: Ambient Occlusion - Material
[AOVRecorderSettingsTests] Metal: Metallic - Material
[AOVRecorderSettingsTests] DirectDiffuse: Direct Diffuse - Lighting
[AOVRecorderSettingsTests] DirectSpecular: Direct Specular - Lighting
[AOVRecorderSettingsTests] IndirectDiffuse: Indirect Diffuse - Lighting
[AOVRecorderSettingsTests] IndirectSpecular: Indirect Specular - Lighting
[AOVRecorderSettingsTests] Emissive: Emissive - Lighting
[AOVRecorderSettingsTests] Shadow: Shadows - Additional
[AOVRecorderSettingsTests] ContactShadows: Contact Shadows - Additional
[AOVRecorderSettingsTests] ScreenSpaceReflection: SSR - Additional
[AOVRecorderSettingsTests] CustomPass: Custom Pass - Custom
[AOVRecorderSettingsTests] Valid info found for 18 AOV types
[AOVRecorderSettingsTests] GetInfo_ReturnsValidInfoForAllTypes - テスト完了
]]></output>
              </test-case>
              <test-case id="1015" name="AOVTypeInfo_IsHDRPAvailable_ReturnsCorrectValue" fullname="BatchRenderingTool.Editor.Tests.AOVRecorderSettingsTests.AOVTypeInfo_IsHDRPAvailable_ReturnsCorrectValue" methodname="AOVTypeInfo_IsHDRPAvailable_ReturnsCorrectValue" classname="BatchRenderingTool.Editor.Tests.AOVRecorderSettingsTests" runstate="Runnable" seed="1469749464" result="Passed" start-time="2025-07-06 05:05:34Z" end-time="2025-07-06 05:05:34Z" duration="0.001157" asserts="0">
                <properties>
                  <property name="retryIteration" value="0" />
                  <property name="repeatIteration" value="0" />
                </properties>
                <output><![CDATA[[AOVRecorderSettingsTests] IsHDRPAvailable - テスト開始
[AOVRecorderSettingsTests] HDRP available: False
[AOVRecorderSettingsTests] IsHDRPAvailable - テスト完了
]]></output>
              </test-case>
            </test-suite>
            <test-suite type="TestFixture" id="1027" name="FBXRecorderCreationTests" fullname="BatchRenderingTool.Editor.Tests.FBXRecorderCreationTests" classname="BatchRenderingTool.Editor.Tests.FBXRecorderCreationTests" runstate="Runnable" testcasecount="5" result="Passed" start-time="2025-07-06 05:05:34Z" end-time="2025-07-06 05:05:34Z" duration="0.013071" total="5" passed="5" failed="0" inconclusive="0" skipped="0" asserts="0">
              <properties />
              <test-case id="1028" name="FBXPackage_IsInstalled" fullname="BatchRenderingTool.Editor.Tests.FBXRecorderCreationTests.FBXPackage_IsInstalled" methodname="FBXPackage_IsInstalled" classname="BatchRenderingTool.Editor.Tests.FBXRecorderCreationTests" runstate="Runnable" seed="1415378046" result="Passed" start-time="2025-07-06 05:05:34Z" end-time="2025-07-06 05:05:34Z" duration="0.000049" asserts="0">
                <properties>
                  <property name="retryIteration" value="0" />
                  <property name="repeatIteration" value="0" />
                </properties>
              </test-case>
              <test-case id="1030" name="FBXRecorderSettings_CanBeCreated_UsingCreateProperFBXRecorderSettings" fullname="BatchRenderingTool.Editor.Tests.FBXRecorderCreationTests.FBXRecorderSettings_CanBeCreated_UsingCreateProperFBXRecorderSettings" methodname="FBXRecorderSettings_CanBeCreated_UsingCreateProperFBXRecorderSettings" classname="BatchRenderingTool.Editor.Tests.FBXRecorderCreationTests" runstate="Runnable" seed="1773888079" result="Passed" start-time="2025-07-06 05:05:34Z" end-time="2025-07-06 05:05:34Z" duration="0.002474" asserts="0">
                <properties>
                  <property name="retryIteration" value="0" />
                  <property name="repeatIteration" value="0" />
                </properties>
                <output><![CDATA[[FBXRecorderCreationTests] Created FBX recorder settings of type: UnityEditor.Formats.Fbx.Exporter.FbxRecorderSettings
]]></output>
              </test-case>
              <test-case id="1029" name="FBXRecorderSettings_CanBeCreated_UsingRecorderClipUtility" fullname="BatchRenderingTool.Editor.Tests.FBXRecorderCreationTests.FBXRecorderSettings_CanBeCreated_UsingRecorderClipUtility" methodname="FBXRecorderSettings_CanBeCreated_UsingRecorderClipUtility" classname="BatchRenderingTool.Editor.Tests.FBXRecorderCreationTests" runstate="Runnable" seed="487854314" result="Passed" start-time="2025-07-06 05:05:34Z" end-time="2025-07-06 05:05:34Z" duration="0.001297" asserts="0">
                <properties>
                  <property name="retryIteration" value="0" />
                  <property name="repeatIteration" value="0" />
                </properties>
                <output><![CDATA[[FBXRecorderCreationTests] Created FBX recorder settings of type: UnityEditor.Formats.Fbx.Exporter.FbxRecorderSettings
]]></output>
              </test-case>
              <test-case id="1032" name="FBXRecorderSettings_HasExpectedProperties" fullname="BatchRenderingTool.Editor.Tests.FBXRecorderCreationTests.FBXRecorderSettings_HasExpectedProperties" methodname="FBXRecorderSettings_HasExpectedProperties" classname="BatchRenderingTool.Editor.Tests.FBXRecorderCreationTests" runstate="Runnable" seed="1975121113" result="Passed" start-time="2025-07-06 05:05:34Z" end-time="2025-07-06 05:05:34Z" duration="0.001791" asserts="0">
                <properties>
                  <property name="retryIteration" value="0" />
                  <property name="repeatIteration" value="0" />
                </properties>
                <output><![CDATA[[FBXRecorderCreationTests] FBX recorder settings type: UnityEditor.Formats.Fbx.Exporter.FbxRecorderSettings
[FBXRecorderCreationTests] Properties found: ExportGeometry=True, AnimationInputSettings=True
]]></output>
              </test-case>
              <test-case id="1031" name="FBXRecorderSettingsConfig_CanCreateSettings" fullname="BatchRenderingTool.Editor.Tests.FBXRecorderCreationTests.FBXRecorderSettingsConfig_CanCreateSettings" methodname="FBXRecorderSettingsConfig_CanCreateSettings" classname="BatchRenderingTool.Editor.Tests.FBXRecorderCreationTests" runstate="Runnable" seed="101371808" result="Passed" start-time="2025-07-06 05:05:34Z" end-time="2025-07-06 05:05:34Z" duration="0.001469" asserts="0">
                <properties>
                  <property name="retryIteration" value="0" />
                  <property name="repeatIteration" value="0" />
                </properties>
                <output><![CDATA[[FBXRecorderCreationTests] Config created settings of type: UnityEditor.Formats.Fbx.Exporter.FbxRecorderSettings
]]></output>
              </test-case>
            </test-suite>
            <test-suite type="TestFixture" id="1033" name="FBXRecorderSettingsConfigTests" fullname="BatchRenderingTool.Editor.Tests.FBXRecorderSettingsConfigTests" classname="BatchRenderingTool.Editor.Tests.FBXRecorderSettingsConfigTests" runstate="Runnable" testcasecount="8" result="Failed" site="Child" start-time="2025-07-06 05:05:34Z" end-time="2025-07-06 05:05:34Z" duration="0.014510" total="8" passed="4" failed="4" inconclusive="0" skipped="0" asserts="0">
              <properties />
              <failure>
                <message><![CDATA[One or more child tests had errors]]></message>
              </failure>
              <test-case id="1041" name="CreateFBXRecorderSettings_CreatesValidSettings" fullname="BatchRenderingTool.Editor.Tests.FBXRecorderSettingsConfigTests.CreateFBXRecorderSettings_CreatesValidSettings" methodname="CreateFBXRecorderSettings_CreatesValidSettings" classname="BatchRenderingTool.Editor.Tests.FBXRecorderSettingsConfigTests" runstate="Runnable" seed="734754344" result="Passed" start-time="2025-07-06 05:05:34Z" end-time="2025-07-06 05:05:34Z" duration="0.002267" asserts="0">
                <properties>
                  <property name="retryIteration" value="0" />
                  <property name="repeatIteration" value="0" />
                </properties>
                <output><![CDATA[CreateFBXRecorderSettings_CreatesValidSettings - テスト開始
CreateFBXRecorderSettings_CreatesValidSettings - テスト完了
]]></output>
              </test-case>
              <test-case id="1038" name="GetPreset_AnimationExport_ReturnsCorrectConfig" fullname="BatchRenderingTool.Editor.Tests.FBXRecorderSettingsConfigTests.GetPreset_AnimationExport_ReturnsCorrectConfig" methodname="GetPreset_AnimationExport_ReturnsCorrectConfig" classname="BatchRenderingTool.Editor.Tests.FBXRecorderSettingsConfigTests" runstate="Runnable" seed="731506261" result="Passed" start-time="2025-07-06 05:05:34Z" end-time="2025-07-06 05:05:34Z" duration="0.000689" asserts="0">
                <properties>
                  <property name="retryIteration" value="0" />
                  <property name="repeatIteration" value="0" />
                </properties>
                <output><![CDATA[GetPreset_AnimationExport_ReturnsCorrectConfig - テスト開始
GetPreset_AnimationExport_ReturnsCorrectConfig - テスト完了
]]></output>
              </test-case>
              <test-case id="1040" name="GetPreset_ModelAndAnimation_ReturnsCorrectConfig" fullname="BatchRenderingTool.Editor.Tests.FBXRecorderSettingsConfigTests.GetPreset_ModelAndAnimation_ReturnsCorrectConfig" methodname="GetPreset_ModelAndAnimation_ReturnsCorrectConfig" classname="BatchRenderingTool.Editor.Tests.FBXRecorderSettingsConfigTests" runstate="Runnable" seed="198879224" result="Passed" start-time="2025-07-06 05:05:34Z" end-time="2025-07-06 05:05:34Z" duration="0.000674" asserts="0">
                <properties>
                  <property name="retryIteration" value="0" />
                  <property name="repeatIteration" value="0" />
                </properties>
                <output><![CDATA[GetPreset_ModelAndAnimation_ReturnsCorrectConfig - テスト開始
GetPreset_ModelAndAnimation_ReturnsCorrectConfig - テスト完了
]]></output>
              </test-case>
              <test-case id="1039" name="GetPreset_ModelExport_ReturnsCorrectConfig" fullname="BatchRenderingTool.Editor.Tests.FBXRecorderSettingsConfigTests.GetPreset_ModelExport_ReturnsCorrectConfig" methodname="GetPreset_ModelExport_ReturnsCorrectConfig" classname="BatchRenderingTool.Editor.Tests.FBXRecorderSettingsConfigTests" runstate="Runnable" seed="1412172467" result="Passed" start-time="2025-07-06 05:05:34Z" end-time="2025-07-06 05:05:34Z" duration="0.000679" asserts="0">
                <properties>
                  <property name="retryIteration" value="0" />
                  <property name="repeatIteration" value="0" />
                </properties>
                <output><![CDATA[GetPreset_ModelExport_ReturnsCorrectConfig - テスト開始
GetPreset_ModelExport_ReturnsCorrectConfig - テスト完了
]]></output>
              </test-case>
              <test-case id="1035" name="Validate_WithInvalidFrameRate_ReturnsFalse" fullname="BatchRenderingTool.Editor.Tests.FBXRecorderSettingsConfigTests.Validate_WithInvalidFrameRate_ReturnsFalse" methodname="Validate_WithInvalidFrameRate_ReturnsFalse" classname="BatchRenderingTool.Editor.Tests.FBXRecorderSettingsConfigTests" runstate="Runnable" seed="969838307" result="Failed" start-time="2025-07-06 05:05:34Z" end-time="2025-07-06 05:05:34Z" duration="0.000552" asserts="0">
                <properties>
                  <property name="retryIteration" value="0" />
                  <property name="repeatIteration" value="0" />
                </properties>
                <failure>
                  <message><![CDATA[  Error message should mention frame rate
  Expected: True
  But was:  False
]]></message>
                  <stack-trace><![CDATA[at BatchRenderingTool.Editor.Tests.FBXRecorderSettingsConfigTests.Validate_WithInvalidFrameRate_ReturnsFalse () [0x0004c] in D:\Works\Unity_BatchRecorderTool\Unity_BatchRenderingExample\Assets\BatchRenderingTool\Scripts\Editor\Tests\FBXRecorderSettingsConfigTests.cs:45
]]></stack-trace>
                </failure>
                <output><![CDATA[Validate_WithInvalidFrameRate_ReturnsFalse - テスト開始
]]></output>
              </test-case>
              <test-case id="1037" name="Validate_WithSameSourceAndDestination_ReturnsFalse" fullname="BatchRenderingTool.Editor.Tests.FBXRecorderSettingsConfigTests.Validate_WithSameSourceAndDestination_ReturnsFalse" methodname="Validate_WithSameSourceAndDestination_ReturnsFalse" classname="BatchRenderingTool.Editor.Tests.FBXRecorderSettingsConfigTests" runstate="Runnable" seed="1467597087" result="Failed" start-time="2025-07-06 05:05:34Z" end-time="2025-07-06 05:05:34Z" duration="0.000506" asserts="0">
                <properties>
                  <property name="retryIteration" value="0" />
                  <property name="repeatIteration" value="0" />
                </properties>
                <failure>
                  <message><![CDATA[  Error message should mention they are the same
  Expected: True
  But was:  False
]]></message>
                  <stack-trace><![CDATA[at BatchRenderingTool.Editor.Tests.FBXRecorderSettingsConfigTests.Validate_WithSameSourceAndDestination_ReturnsFalse () [0x0006f] in D:\Works\Unity_BatchRecorderTool\Unity_BatchRenderingExample\Assets\BatchRenderingTool\Scripts\Editor\Tests\FBXRecorderSettingsConfigTests.cs:105
]]></stack-trace>
                </failure>
                <output><![CDATA[Validate_WithSameSourceAndDestination_ReturnsFalse - テスト開始
]]></output>
              </test-case>
              <test-case id="1036" name="Validate_WithSourceButNoDestination_ReturnsFalse" fullname="BatchRenderingTool.Editor.Tests.FBXRecorderSettingsConfigTests.Validate_WithSourceButNoDestination_ReturnsFalse" methodname="Validate_WithSourceButNoDestination_ReturnsFalse" classname="BatchRenderingTool.Editor.Tests.FBXRecorderSettingsConfigTests" runstate="Runnable" seed="2116069901" result="Failed" start-time="2025-07-06 05:05:34Z" end-time="2025-07-06 05:05:34Z" duration="0.000477" asserts="0">
                <properties>
                  <property name="retryIteration" value="0" />
                  <property name="repeatIteration" value="0" />
                </properties>
                <failure>
                  <message><![CDATA[  Error message should mention destination
  Expected: True
  But was:  False
]]></message>
                  <stack-trace><![CDATA[at BatchRenderingTool.Editor.Tests.FBXRecorderSettingsConfigTests.Validate_WithSourceButNoDestination_ReturnsFalse () [0x0006a] in D:\Works\Unity_BatchRecorderTool\Unity_BatchRenderingExample\Assets\BatchRenderingTool\Scripts\Editor\Tests\FBXRecorderSettingsConfigTests.cs:72
]]></stack-trace>
                </failure>
                <output><![CDATA[Validate_WithSourceButNoDestination_ReturnsFalse - テスト開始
]]></output>
              </test-case>
              <test-case id="1034" name="Validate_WithValidConfig_ReturnsTrue" fullname="BatchRenderingTool.Editor.Tests.FBXRecorderSettingsConfigTests.Validate_WithValidConfig_ReturnsTrue" methodname="Validate_WithValidConfig_ReturnsTrue" classname="BatchRenderingTool.Editor.Tests.FBXRecorderSettingsConfigTests" runstate="Runnable" seed="951778844" result="Failed" start-time="2025-07-06 05:05:34Z" end-time="2025-07-06 05:05:34Z" duration="0.000433" asserts="0">
                <properties>
                  <property name="retryIteration" value="0" />
                  <property name="repeatIteration" value="0" />
                </properties>
                <failure>
                  <message><![CDATA[  Valid config should return true
  Expected: True
  But was:  False
]]></message>
                  <stack-trace><![CDATA[at BatchRenderingTool.Editor.Tests.FBXRecorderSettingsConfigTests.Validate_WithValidConfig_ReturnsTrue () [0x00028] in D:\Works\Unity_BatchRecorderTool\Unity_BatchRenderingExample\Assets\BatchRenderingTool\Scripts\Editor\Tests\FBXRecorderSettingsConfigTests.cs:23
]]></stack-trace>
                </failure>
                <output><![CDATA[Validate_WithValidConfig_ReturnsTrue - テスト開始
]]></output>
              </test-case>
            </test-suite>
            <test-suite type="TestFixture" id="1042" name="RecorderSettingsFactoryTests" fullname="BatchRenderingTool.Editor.Tests.RecorderSettingsFactoryTests" classname="BatchRenderingTool.Editor.Tests.RecorderSettingsFactoryTests" runstate="Runnable" testcasecount="9" result="Failed" site="Child" start-time="2025-07-06 05:05:34Z" end-time="2025-07-06 05:05:34Z" duration="0.020590" total="9" passed="6" failed="3" inconclusive="0" skipped="0" asserts="0">
              <properties />
              <failure>
                <message><![CDATA[One or more child tests had errors]]></message>
              </failure>
              <test-case id="1048" name="CreateFBXRecorderSettings_CreatesValidSettings" fullname="BatchRenderingTool.Editor.Tests.RecorderSettingsFactoryTests.CreateFBXRecorderSettings_CreatesValidSettings" methodname="CreateFBXRecorderSettings_CreatesValidSettings" classname="BatchRenderingTool.Editor.Tests.RecorderSettingsFactoryTests" runstate="Runnable" seed="517909597" result="Failed" label="Error" start-time="2025-07-06 05:05:34Z" end-time="2025-07-06 05:05:34Z" duration="0.000643" asserts="0">
                <properties>
                  <property name="retryIteration" value="0" />
                  <property name="repeatIteration" value="0" />
                </properties>
                <failure>
                  <message><![CDATA[System.ArgumentException : Invalid FBX configuration: Target GameObject must be set for FBX recording]]></message>
                  <stack-trace><![CDATA[  at BatchRenderingTool.RecorderSettingsFactory.CreateFBXRecorderSettings (System.String name, BatchRenderingTool.FBXRecorderSettingsConfig config) [0x00050] in D:\Works\Unity_BatchRecorderTool\Unity_BatchRenderingExample\Assets\BatchRenderingTool\Scripts\Editor\RecorderSettingsFactory.cs:394 
  at BatchRenderingTool.RecorderSettingsFactory.CreateFBXRecorderSettings (System.String name) [0x00055] in D:\Works\Unity_BatchRecorderTool\Unity_BatchRenderingExample\Assets\BatchRenderingTool\Scripts\Editor\RecorderSettingsFactory.cs:366 
  at BatchRenderingTool.Editor.Tests.RecorderSettingsFactoryTests.CreateFBXRecorderSettings_CreatesValidSettings () [0x0001c] in D:\Works\Unity_BatchRecorderTool\Unity_BatchRenderingExample\Assets\BatchRenderingTool\Scripts\Editor\Tests\RecorderSettingsFactoryTests.cs:114 
  at (wrapper managed-to-native) System.Reflection.RuntimeMethodInfo.InternalInvoke(System.Reflection.RuntimeMethodInfo,object,object[],System.Exception&)
  at System.Reflection.RuntimeMethodInfo.Invoke (System.Object obj, System.Reflection.BindingFlags invokeAttr, System.Reflection.Binder binder, System.Object[] parameters, System.Globalization.CultureInfo culture) [0x0006a] in <eb0ef51e5908461ca908fdf6b2dbd966>:0 ]]></stack-trace>
                </failure>
                <output><![CDATA[CreateFBXRecorderSettings_CreatesValidSettings - テスト開始
]]></output>
              </test-case>
              <test-case id="1049" name="CreateFBXRecorderSettings_WithConfig_AppliesConfigCorrectly" fullname="BatchRenderingTool.Editor.Tests.RecorderSettingsFactoryTests.CreateFBXRecorderSettings_WithConfig_AppliesConfigCorrectly" methodname="CreateFBXRecorderSettings_WithConfig_AppliesConfigCorrectly" classname="BatchRenderingTool.Editor.Tests.RecorderSettingsFactoryTests" runstate="Runnable" seed="1931319798" result="Failed" label="Error" start-time="2025-07-06 05:05:34Z" end-time="2025-07-06 05:05:34Z" duration="0.000443" asserts="0">
                <properties>
                  <property name="retryIteration" value="0" />
                  <property name="repeatIteration" value="0" />
                </properties>
                <failure>
                  <message><![CDATA[System.ArgumentException : Invalid FBX configuration: Target GameObject must be set for FBX recording]]></message>
                  <stack-trace><![CDATA[  at BatchRenderingTool.RecorderSettingsFactory.CreateFBXRecorderSettings (System.String name, BatchRenderingTool.FBXRecorderSettingsConfig config) [0x00050] in D:\Works\Unity_BatchRecorderTool\Unity_BatchRenderingExample\Assets\BatchRenderingTool\Scripts\Editor\RecorderSettingsFactory.cs:394 
  at BatchRenderingTool.Editor.Tests.RecorderSettingsFactoryTests.CreateFBXRecorderSettings_WithConfig_AppliesConfigCorrectly () [0x00034] in D:\Works\Unity_BatchRecorderTool\Unity_BatchRenderingExample\Assets\BatchRenderingTool\Scripts\Editor\Tests\RecorderSettingsFactoryTests.cs:143 
  at (wrapper managed-to-native) System.Reflection.RuntimeMethodInfo.InternalInvoke(System.Reflection.RuntimeMethodInfo,object,object[],System.Exception&)
  at System.Reflection.RuntimeMethodInfo.Invoke (System.Object obj, System.Reflection.BindingFlags invokeAttr, System.Reflection.Binder binder, System.Object[] parameters, System.Globalization.CultureInfo culture) [0x0006a] in <eb0ef51e5908461ca908fdf6b2dbd966>:0 ]]></stack-trace>
                </failure>
                <output><![CDATA[CreateFBXRecorderSettings_WithConfig_AppliesConfigCorrectly - テスト開始
]]></output>
              </test-case>
              <test-case id="1050" name="CreateFBXRecorderSettings_WithPreset_CreatesCorrectSettings" fullname="BatchRenderingTool.Editor.Tests.RecorderSettingsFactoryTests.CreateFBXRecorderSettings_WithPreset_CreatesCorrectSettings" methodname="CreateFBXRecorderSettings_WithPreset_CreatesCorrectSettings" classname="BatchRenderingTool.Editor.Tests.RecorderSettingsFactoryTests" runstate="Runnable" seed="2044100461" result="Failed" label="Error" start-time="2025-07-06 05:05:34Z" end-time="2025-07-06 05:05:34Z" duration="0.000426" asserts="0">
                <properties>
                  <property name="retryIteration" value="0" />
                  <property name="repeatIteration" value="0" />
                </properties>
                <failure>
                  <message><![CDATA[System.ArgumentException : Invalid FBX configuration: Target GameObject must be set for FBX recording]]></message>
                  <stack-trace><![CDATA[  at BatchRenderingTool.RecorderSettingsFactory.CreateFBXRecorderSettings (System.String name, BatchRenderingTool.FBXRecorderSettingsConfig config) [0x00050] in D:\Works\Unity_BatchRecorderTool\Unity_BatchRenderingExample\Assets\BatchRenderingTool\Scripts\Editor\RecorderSettingsFactory.cs:394 
  at BatchRenderingTool.RecorderSettingsFactory.CreateFBXRecorderSettings (System.String name, BatchRenderingTool.FBXExportPreset preset) [0x00007] in D:\Works\Unity_BatchRecorderTool\Unity_BatchRenderingExample\Assets\BatchRenderingTool\Scripts\Editor\RecorderSettingsFactory.cs:403 
  at BatchRenderingTool.Editor.Tests.RecorderSettingsFactoryTests.CreateFBXRecorderSettings_WithPreset_CreatesCorrectSettings () [0x0001c] in D:\Works\Unity_BatchRecorderTool\Unity_BatchRenderingExample\Assets\BatchRenderingTool\Scripts\Editor\Tests\RecorderSettingsFactoryTests.cs:173 
  at (wrapper managed-to-native) System.Reflection.RuntimeMethodInfo.InternalInvoke(System.Reflection.RuntimeMethodInfo,object,object[],System.Exception&)
  at System.Reflection.RuntimeMethodInfo.Invoke (System.Object obj, System.Reflection.BindingFlags invokeAttr, System.Reflection.Binder binder, System.Object[] parameters, System.Globalization.CultureInfo culture) [0x0006a] in <eb0ef51e5908461ca908fdf6b2dbd966>:0 ]]></stack-trace>
                </failure>
                <output><![CDATA[CreateFBXRecorderSettings_WithPreset_CreatesCorrectSettings - テスト開始
]]></output>
              </test-case>
              <test-case id="1051" name="CreateImageRecorderSettings_HandlesSpecialCharactersInPath" fullname="BatchRenderingTool.Editor.Tests.RecorderSettingsFactoryTests.CreateImageRecorderSettings_HandlesSpecialCharactersInPath" methodname="CreateImageRecorderSettings_HandlesSpecialCharactersInPath" classname="BatchRenderingTool.Editor.Tests.RecorderSettingsFactoryTests" runstate="Runnable" seed="244173009" result="Passed" start-time="2025-07-06 05:05:34Z" end-time="2025-07-06 05:05:34Z" duration="0.003870" asserts="0">
                <properties>
                  <property name="retryIteration" value="0" />
                  <property name="repeatIteration" value="0" />
                </properties>
                <output><![CDATA[CreateImageRecorderSettings_HandlesSpecialCharactersInPath - テスト開始
CreateImageRecorderSettings_HandlesSpecialCharactersInPath - パス: 'Test Output' 確認OK
CreateImageRecorderSettings_HandlesSpecialCharactersInPath - パス: 'Test-Output' 確認OK
CreateImageRecorderSettings_HandlesSpecialCharactersInPath - パス: 'Test_Output' 確認OK
CreateImageRecorderSettings_HandlesSpecialCharactersInPath - パス: 'TestOutput123' 確認OK
CreateImageRecorderSettings_HandlesSpecialCharactersInPath - パス: 'Test.Output' 確認OK
CreateImageRecorderSettings_HandlesSpecialCharactersInPath - テスト完了
]]></output>
              </test-case>
              <test-case id="1047" name="CreateImageRecorderSettings_SetsCorrectFrameRate" fullname="BatchRenderingTool.Editor.Tests.RecorderSettingsFactoryTests.CreateImageRecorderSettings_SetsCorrectFrameRate" methodname="CreateImageRecorderSettings_SetsCorrectFrameRate" classname="BatchRenderingTool.Editor.Tests.RecorderSettingsFactoryTests" runstate="Runnable" seed="176875181" result="Passed" start-time="2025-07-06 05:05:34Z" end-time="2025-07-06 05:05:34Z" duration="0.003131" asserts="0">
                <properties>
                  <property name="retryIteration" value="0" />
                  <property name="repeatIteration" value="0" />
                </properties>
                <output><![CDATA[CreateImageRecorderSettings_SetsCorrectFrameRate - テスト開始
CreateImageRecorderSettings_SetsCorrectFrameRate - フレームレート: 24fps 確認OK
CreateImageRecorderSettings_SetsCorrectFrameRate - フレームレート: 30fps 確認OK
CreateImageRecorderSettings_SetsCorrectFrameRate - フレームレート: 60fps 確認OK
CreateImageRecorderSettings_SetsCorrectFrameRate - フレームレート: 120fps 確認OK
CreateImageRecorderSettings_SetsCorrectFrameRate - テスト完了
]]></output>
              </test-case>
              <test-case id="1046" name="CreateImageRecorderSettings_SetsCorrectResolution" fullname="BatchRenderingTool.Editor.Tests.RecorderSettingsFactoryTests.CreateImageRecorderSettings_SetsCorrectResolution" methodname="CreateImageRecorderSettings_SetsCorrectResolution" classname="BatchRenderingTool.Editor.Tests.RecorderSettingsFactoryTests" runstate="Runnable" seed="2032421635" result="Passed" start-time="2025-07-06 05:05:34Z" end-time="2025-07-06 05:05:34Z" duration="0.001254" asserts="0">
                <properties>
                  <property name="retryIteration" value="0" />
                  <property name="repeatIteration" value="0" />
                </properties>
                <output><![CDATA[CreateImageRecorderSettings_SetsCorrectResolution - テスト開始
CreateImageRecorderSettings_SetsCorrectResolution - 解像度: 2560x1440
CreateImageRecorderSettings_SetsCorrectResolution - テスト完了
]]></output>
              </test-case>
              <test-case id="1045" name="CreateImageRecorderSettings_WithEXR_CreatesValidSettings" fullname="BatchRenderingTool.Editor.Tests.RecorderSettingsFactoryTests.CreateImageRecorderSettings_WithEXR_CreatesValidSettings" methodname="CreateImageRecorderSettings_WithEXR_CreatesValidSettings" classname="BatchRenderingTool.Editor.Tests.RecorderSettingsFactoryTests" runstate="Runnable" seed="1742035325" result="Passed" start-time="2025-07-06 05:05:34Z" end-time="2025-07-06 05:05:34Z" duration="0.000902" asserts="0">
                <properties>
                  <property name="retryIteration" value="0" />
                  <property name="repeatIteration" value="0" />
                </properties>
                <output><![CDATA[CreateImageRecorderSettings_WithEXR_CreatesValidSettings - テスト開始
CreateImageRecorderSettings_WithEXR_CreatesValidSettings - テスト完了
]]></output>
              </test-case>
              <test-case id="1044" name="CreateImageRecorderSettings_WithJPG_CreatesValidSettings" fullname="BatchRenderingTool.Editor.Tests.RecorderSettingsFactoryTests.CreateImageRecorderSettings_WithJPG_CreatesValidSettings" methodname="CreateImageRecorderSettings_WithJPG_CreatesValidSettings" classname="BatchRenderingTool.Editor.Tests.RecorderSettingsFactoryTests" runstate="Runnable" seed="133313243" result="Passed" start-time="2025-07-06 05:05:34Z" end-time="2025-07-06 05:05:34Z" duration="0.000904" asserts="0">
                <properties>
                  <property name="retryIteration" value="0" />
                  <property name="repeatIteration" value="0" />
                </properties>
                <output><![CDATA[CreateImageRecorderSettings_WithJPG_CreatesValidSettings - テスト開始
CreateImageRecorderSettings_WithJPG_CreatesValidSettings - テスト完了
]]></output>
              </test-case>
              <test-case id="1043" name="CreateImageRecorderSettings_WithPNG_CreatesValidSettings" fullname="BatchRenderingTool.Editor.Tests.RecorderSettingsFactoryTests.CreateImageRecorderSettings_WithPNG_CreatesValidSettings" methodname="CreateImageRecorderSettings_WithPNG_CreatesValidSettings" classname="BatchRenderingTool.Editor.Tests.RecorderSettingsFactoryTests" runstate="Runnable" seed="1520987896" result="Passed" start-time="2025-07-06 05:05:34Z" end-time="2025-07-06 05:05:34Z" duration="0.000956" asserts="0">
                <properties>
                  <property name="retryIteration" value="0" />
                  <property name="repeatIteration" value="0" />
                </properties>
                <output><![CDATA[CreateImageRecorderSettings_WithPNG_CreatesValidSettings - テスト開始
CreateImageRecorderSettings_WithPNG_CreatesValidSettings - テスト完了
]]></output>
              </test-case>
            </test-suite>
            <test-suite type="TestFixture" id="1052" name="SingleTimelineRendererTests" fullname="BatchRenderingTool.Editor.Tests.SingleTimelineRendererTests" classname="BatchRenderingTool.Editor.Tests.SingleTimelineRendererTests" runstate="Runnable" testcasecount="5" result="Failed" site="Child" start-time="2025-07-06 05:05:34Z" end-time="2025-07-06 05:05:34Z" duration="0.030787" total="5" passed="3" failed="2" inconclusive="0" skipped="0" asserts="0">
              <properties />
              <failure>
                <message><![CDATA[One or more child tests had errors]]></message>
              </failure>
              <test-case id="1053" name="Constructor_InitializesDefaultValues" fullname="BatchRenderingTool.Editor.Tests.SingleTimelineRendererTests.Constructor_InitializesDefaultValues" methodname="Constructor_InitializesDefaultValues" classname="BatchRenderingTool.Editor.Tests.SingleTimelineRendererTests" runstate="Runnable" seed="292888058" result="Failed" start-time="2025-07-06 05:05:34Z" end-time="2025-07-06 05:05:34Z" duration="0.002784" asserts="0">
                <properties>
                  <property name="retryIteration" value="0" />
                  <property name="repeatIteration" value="0" />
                </properties>
                <failure>
                  <message><![CDATA[  Expected: True
  But was:  False
]]></message>
                  <stack-trace><![CDATA[at BatchRenderingTool.Editor.Tests.SingleTimelineRendererTests.Constructor_InitializesDefaultValues () [0x00021] in D:\Works\Unity_BatchRecorderTool\Unity_BatchRenderingExample\Assets\BatchRenderingTool\Scripts\Editor\Tests\SingleTimelineRendererTests.cs:62
]]></stack-trace>
                </failure>
                <output><![CDATA[SingleTimelineRendererTests - Setup開始
SingleTimelineRendererTests - Setup完了
Constructor_InitializesDefaultValues - テスト開始
SingleTimelineRendererTests - TearDown開始
SingleTimelineRendererTests - TearDown完了
]]></output>
              </test-case>
              <test-case id="1054" name="GetAllPlayableDirectors_ReturnsActiveDirectors" fullname="BatchRenderingTool.Editor.Tests.SingleTimelineRendererTests.GetAllPlayableDirectors_ReturnsActiveDirectors" methodname="GetAllPlayableDirectors_ReturnsActiveDirectors" classname="BatchRenderingTool.Editor.Tests.SingleTimelineRendererTests" runstate="Runnable" seed="2135573587" result="Passed" start-time="2025-07-06 05:05:34Z" end-time="2025-07-06 05:05:34Z" duration="0.006923" asserts="0">
                <properties>
                  <property name="retryIteration" value="0" />
                  <property name="repeatIteration" value="0" />
                </properties>
                <output><![CDATA[SingleTimelineRendererTests - Setup開始
SingleTimelineRendererTests - Setup完了
GetAllPlayableDirectors_ReturnsActiveDirectors - テスト開始
GetAllPlayableDirectors_ReturnsActiveDirectors - 検出されたDirector数: 1
GetAllPlayableDirectors_ReturnsActiveDirectors - テスト完了
SingleTimelineRendererTests - TearDown開始
SingleTimelineRendererTests - TearDown完了
]]></output>
              </test-case>
              <test-case id="1055" name="SetSelectedDirector_UpdatesSelection" fullname="BatchRenderingTool.Editor.Tests.SingleTimelineRendererTests.SetSelectedDirector_UpdatesSelection" methodname="SetSelectedDirector_UpdatesSelection" classname="BatchRenderingTool.Editor.Tests.SingleTimelineRendererTests" runstate="Runnable" seed="1438093864" result="Passed" start-time="2025-07-06 05:05:34Z" end-time="2025-07-06 05:05:34Z" duration="0.006157" asserts="0">
                <properties>
                  <property name="retryIteration" value="0" />
                  <property name="repeatIteration" value="0" />
                </properties>
                <output><![CDATA[SingleTimelineRendererTests - Setup開始
SingleTimelineRendererTests - Setup完了
SetSelectedDirector_UpdatesSelection - テスト開始
SetSelectedDirector_UpdatesSelection - テスト完了
SingleTimelineRendererTests - TearDown開始
SingleTimelineRendererTests - TearDown完了
]]></output>
              </test-case>
              <test-case id="1057" name="ValidateSettings_WithoutDirector_ReturnsFalse" fullname="BatchRenderingTool.Editor.Tests.SingleTimelineRendererTests.ValidateSettings_WithoutDirector_ReturnsFalse" methodname="ValidateSettings_WithoutDirector_ReturnsFalse" classname="BatchRenderingTool.Editor.Tests.SingleTimelineRendererTests" runstate="Runnable" seed="1686881586" result="Passed" start-time="2025-07-06 05:05:34Z" end-time="2025-07-06 05:05:34Z" duration="0.006009" asserts="0">
                <properties>
                  <property name="retryIteration" value="0" />
                  <property name="repeatIteration" value="0" />
                </properties>
                <output><![CDATA[SingleTimelineRendererTests - Setup開始
SingleTimelineRendererTests - Setup完了
ValidateSettings_WithoutDirector_ReturnsFalse - テスト開始
ValidateSettings_WithoutDirector_ReturnsFalse - エラーメッセージ: No Timeline selected
ValidateSettings_WithoutDirector_ReturnsFalse - テスト完了
SingleTimelineRendererTests - TearDown開始
SingleTimelineRendererTests - TearDown完了
]]></output>
              </test-case>
              <test-case id="1056" name="ValidateSettings_WithValidSettings_ReturnsTrue" fullname="BatchRenderingTool.Editor.Tests.SingleTimelineRendererTests.ValidateSettings_WithValidSettings_ReturnsTrue" methodname="ValidateSettings_WithValidSettings_ReturnsTrue" classname="BatchRenderingTool.Editor.Tests.SingleTimelineRendererTests" runstate="Runnable" seed="1211779581" result="Failed" start-time="2025-07-06 05:05:34Z" end-time="2025-07-06 05:05:34Z" duration="0.002061" asserts="0">
                <properties>
                  <property name="retryIteration" value="0" />
                  <property name="repeatIteration" value="0" />
                </properties>
                <failure>
                  <message><![CDATA[  Expected: <empty>
  But was:  null
]]></message>
                  <stack-trace><![CDATA[at BatchRenderingTool.Editor.Tests.SingleTimelineRendererTests.ValidateSettings_WithValidSettings_ReturnsTrue () [0x00028] in D:\Works\Unity_BatchRecorderTool\Unity_BatchRenderingExample\Assets\BatchRenderingTool\Scripts\Editor\Tests\SingleTimelineRendererTests.cs:119
]]></stack-trace>
                </failure>
                <output><![CDATA[SingleTimelineRendererTests - Setup開始
SingleTimelineRendererTests - Setup完了
ValidateSettings_WithValidSettings_ReturnsTrue - テスト開始
SingleTimelineRendererTests - TearDown開始
SingleTimelineRendererTests - TearDown完了
Saving results to: C:/Users/uma92/AppData/LocalLow/DefaultCompany/UnityBatchRenderingTool\TestResults.xml
]]></output>
              </test-case>
            </test-suite>
          </test-suite>
        </test-suite>
      </test-suite>
    </test-suite>
  </test-suite>
</test-run>